#
# There is insufficient memory for the Java Runtime Environment to continue.
# Native memory allocation (malloc) failed to allocate 1117936 bytes. Error detail: Chunk::new
# Possible reasons:
#   The system is out of physical RAM or swap space
#   This process is running with CompressedOops enabled, and the Java Heap may be blocking the growth of the native heap
# Possible solutions:
#   Reduce memory load on the system
#   Increase physical memory or swap space
#   Check if swap backing store is full
#   Decrease Java heap size (-Xmx/-Xms)
#   Decrease number of Java threads
#   Decrease Java thread stack sizes (-Xss)
#   Set larger code cache with -XX:ReservedCodeCacheSize=
#   JVM is running with Unscaled Compressed Oops mode in which the Java heap is
#     placed in the first 4GB address space. The Java Heap base address is the
#     maximum limit for the native heap growth. Please use -XX:HeapBaseMinAddress
#     to set the Java Heap base and to place the Java Heap above 4GB virtual address.
# This output file may be truncated or incomplete.
#
#  Out of Memory Error (arena.cpp:150), pid=18604, tid=14040
#
# JRE version: Java(TM) SE Runtime Environment (22.0.2+9) (build 22.0.2+9-70)
# Java VM: Java HotSpot(TM) 64-Bit Server VM (22.0.2+9-70, mixed mode, sharing, tiered, compressed oops, compressed class ptrs, g1 gc, windows-amd64)
# No core dump will be written. Minidumps are not enabled by default on client versions of Windows
#

---------------  S U M M A R Y ------------

Command Line: -XX:+ShowCodeDetailsInExceptionMessages com.application.api_gateway.ApiGatewayApplication

Host: Intel(R) Core(TM) i5-10210U CPU @ 1.60GHz, 8 cores, 3G,  Windows 11 , 64 bit Build 22621 (10.0.22621.3958)
Time: Sun Sep  8 20:27:33 2024 India Standard Time elapsed time: 2.330644 seconds (0d 0h 0m 2s)

---------------  T H R E A D  ---------------

Current thread (0x000001dc5e25f8e0):  JavaThread "C2 CompilerThread0" daemon [_thread_in_native, id=14040, stack(0x00000062b7a00000,0x00000062b7b00000) (1024K)]


Current CompileTask:
C2:2330 2114   !   4       java.net.URL::<init> (543 bytes)

Stack: [0x00000062b7a00000,0x00000062b7b00000]
Native frames: (J=compiled Java code, j=interpreted, Vv=VM code, C=native code)
V  [jvm.dll+0x6e26e9]  (no source info available)
V  [jvm.dll+0x875753]  (no source info available)
V  [jvm.dll+0x877b7e]  (no source info available)
V  [jvm.dll+0x878253]  (no source info available)
V  [jvm.dll+0x27fc86]  (no source info available)
V  [jvm.dll+0xc3d0f]  (no source info available)
V  [jvm.dll+0xc3f6b]  (no source info available)
V  [jvm.dll+0x3bb442]  (no source info available)
V  [jvm.dll+0x387d4b]  (no source info available)
V  [jvm.dll+0x3871ba]  (no source info available)
V  [jvm.dll+0x2477f8]  (no source info available)
V  [jvm.dll+0x246e9f]  (no source info available)
V  [jvm.dll+0x1c4e80]  (no source info available)
V  [jvm.dll+0x2568f3]  (no source info available)
V  [jvm.dll+0x254baa]  (no source info available)
V  [jvm.dll+0x3f57a6]  (no source info available)
V  [jvm.dll+0x81dc0b]  (no source info available)
V  [jvm.dll+0x6e0d85]  (no source info available)
C  [ucrtbase.dll+0x29333]  (no source info available)
C  [KERNEL32.DLL+0x1257d]  (no source info available)
C  [ntdll.dll+0x5af28]  (no source info available)


---------------  P R O C E S S  ---------------

Threads class SMR info:
_java_thread_list=0x000001dca4dbaa40, length=13, elements={
0x000001dc40c0de70, 0x000001dc5e24acc0, 0x000001dc5e24b920, 0x000001dc5e250340,
0x000001dc5e250da0, 0x000001dc5e25dd60, 0x000001dc5e25e7c0, 0x000001dc5e25f8e0,
0x000001dc5e260390, 0x000001dc5e4afe50, 0x000001dc5e4b5c80, 0x000001dca432b1e0,
0x000001dca462a130
}

Java Threads: ( => current thread )
  0x000001dc40c0de70 JavaThread "main"                              [_thread_in_Java, id=15380, stack(0x00000062b6c00000,0x00000062b6d00000) (1024K)]
  0x000001dc5e24acc0 JavaThread "Reference Handler"          daemon [_thread_blocked, id=17176, stack(0x00000062b7400000,0x00000062b7500000) (1024K)]
  0x000001dc5e24b920 JavaThread "Finalizer"                  daemon [_thread_blocked, id=15556, stack(0x00000062b7500000,0x00000062b7600000) (1024K)]
  0x000001dc5e250340 JavaThread "Signal Dispatcher"          daemon [_thread_blocked, id=14368, stack(0x00000062b7600000,0x00000062b7700000) (1024K)]
  0x000001dc5e250da0 JavaThread "Attach Listener"            daemon [_thread_blocked, id=15044, stack(0x00000062b7700000,0x00000062b7800000) (1024K)]
  0x000001dc5e25dd60 JavaThread "Service Thread"             daemon [_thread_blocked, id=18244, stack(0x00000062b7800000,0x00000062b7900000) (1024K)]
  0x000001dc5e25e7c0 JavaThread "Monitor Deflation Thread"   daemon [_thread_blocked, id=14504, stack(0x00000062b7900000,0x00000062b7a00000) (1024K)]
=>0x000001dc5e25f8e0 JavaThread "C2 CompilerThread0"         daemon [_thread_in_native, id=14040, stack(0x00000062b7a00000,0x00000062b7b00000) (1024K)]
  0x000001dc5e260390 JavaThread "C1 CompilerThread0"         daemon [_thread_in_vm, id=4420, stack(0x00000062b7b00000,0x00000062b7c00000) (1024K)]
  0x000001dc5e4afe50 JavaThread "Notification Thread"        daemon [_thread_blocked, id=17772, stack(0x00000062b7c00000,0x00000062b7d00000) (1024K)]
  0x000001dc5e4b5c80 JavaThread "Common-Cleaner"             daemon [_thread_blocked, id=9016, stack(0x00000062b7d00000,0x00000062b7e00000) (1024K)]
  0x000001dca432b1e0 JavaThread "background-preinit"                [_thread_in_native, id=18864, stack(0x00000062b8300000,0x00000062b8400000) (1024K)]
  0x000001dca462a130 JavaThread "WindowsStreamPump"          daemon [_thread_in_native, id=18900, stack(0x00000062b8400000,0x00000062b8500000) (1024K)]
Total: 13

Other Threads:
  0x000001dc5e22f090 VMThread "VM Thread"                           [id=5200, stack(0x00000062b7300000,0x00000062b7400000) (1024K)]
  0x000001dc5e219a60 WatcherThread "VM Periodic Task Thread"        [id=8504, stack(0x00000062b7200000,0x00000062b7300000) (1024K)]
  0x000001dc42ec3490 WorkerThread "GC Thread#0"                     [id=18596, stack(0x00000062b6d00000,0x00000062b6e00000) (1024K)]
  0x000001dca43e3370 WorkerThread "GC Thread#1"                     [id=18888, stack(0x00000062b7e00000,0x00000062b7f00000) (1024K)]
  0x000001dca4453b90 WorkerThread "GC Thread#2"                     [id=18884, stack(0x00000062b7f00000,0x00000062b8000000) (1024K)]
  0x000001dc5ef54220 WorkerThread "GC Thread#3"                     [id=18880, stack(0x00000062b8000000,0x00000062b8100000) (1024K)]
  0x000001dca416e070 WorkerThread "GC Thread#4"                     [id=18872, stack(0x00000062b8100000,0x00000062b8200000) (1024K)]
  0x000001dca416e820 WorkerThread "GC Thread#5"                     [id=18892, stack(0x00000062b8200000,0x00000062b8300000) (1024K)]
  0x000001dca472b1e0 WorkerThread "GC Thread#6"                     [id=9972, stack(0x00000062b8500000,0x00000062b8600000) (1024K)]
  0x000001dca4ac4250 WorkerThread "GC Thread#7"                     [id=3796, stack(0x00000062b8600000,0x00000062b8700000) (1024K)]
  0x000001dc42ecbf40 ConcurrentGCThread "G1 Main Marker"            [id=15616, stack(0x00000062b6e00000,0x00000062b6f00000) (1024K)]
  0x000001dc42ecc960 WorkerThread "G1 Conc#0"                       [id=8956, stack(0x00000062b6f00000,0x00000062b7000000) (1024K)]
  0x000001dc5e0eb9f0 ConcurrentGCThread "G1 Refine#0"               [id=10832, stack(0x00000062b7000000,0x00000062b7100000) (1024K)]
  0x000001dc5e0ef300 ConcurrentGCThread "G1 Service"                [id=1708, stack(0x00000062b7100000,0x00000062b7200000) (1024K)]
Total: 14

Threads with active compile tasks:
C2 CompilerThread0  2406 2114   !   4       java.net.URL::<init> (543 bytes)
C1 CompilerThread0  2406 2333       2       java.lang.invoke.ClassSpecializer$SpeciesData::factory (14 bytes)
Total: 2

VM state: not at safepoint (normal execution)

VM Mutex/Monitor currently owned by a thread: None

Heap address: 0x00000000c3000000, size: 976 MB, Compressed Oops mode: 32-bit

CDS archive(s) mapped at: [0x000001dc5f000000-0x000001dc5fc60000-0x000001dc5fc60000), size 12976128, SharedBaseAddress: 0x000001dc5f000000, ArchiveRelocationMode: 1.
Compressed class space mapped at: 0x000001dc60000000-0x000001dca0000000, reserved size: 1073741824
Narrow klass base: 0x000001dc5f000000, Narrow klass shift: 0, Narrow klass range: 0x41000000

GC Precious Log:
 CardTable entry size: 512
 Card Set container configuration: InlinePtr #cards 5 size 8 Array Of Cards #cards 12 size 40 Howl #buckets 4 coarsen threshold 1843 Howl Bitmap #cards 512 size 80 coarsen threshold 460 Card regions per heap region 1 cards per card region 2048
 CPUs: 8 total, 8 available
 Memory: 3899M
 Large Page Support: Disabled
 NUMA Support: Disabled
 Compressed Oops: Enabled (32-bit)
 Heap Region Size: 1M
 Heap Min Capacity: 8M
 Heap Initial Capacity: 62M
 Heap Max Capacity: 976M
 Pre-touch: Disabled
 Parallel Workers: 8
 Concurrent Workers: 2
 Concurrent Refinement Workers: 8
 Periodic GC: Disabled

Heap:
 garbage-first heap   total reserved 999424K, committed 63488K, used 35015K [0x00000000c3000000, 0x0000000100000000)
  region size 1024K, 30 young (30720K), 3 survivors (3072K)
 Metaspace       used 18567K, committed 18880K, reserved 1114112K
  class space    used 2346K, committed 2496K, reserved 1048576K

Heap Regions: E=young(eden), S=young(survivor), O=old, HS=humongous(starts), HC=humongous(continues), CS=collection set, F=free, TAMS=top-at-mark-start, PB=parsable bottom
|   0|0x00000000c3000000, 0x00000000c3100000, 0x00000000c3100000|100%|HS|  |TAMS 0x00000000c3000000| PB 0x00000000c3000000| Complete |  0
|   1|0x00000000c3100000, 0x00000000c3200000, 0x00000000c3200000|100%| O|  |TAMS 0x00000000c3100000| PB 0x00000000c3100000| Untracked |  0
|   2|0x00000000c3200000, 0x00000000c3300000, 0x00000000c3300000|100%| O|  |TAMS 0x00000000c3200000| PB 0x00000000c3200000| Untracked |  0
|   3|0x00000000c3300000, 0x00000000c3400000, 0x00000000c3400000|100%| O|  |TAMS 0x00000000c3300000| PB 0x00000000c3300000| Untracked |  0
|   4|0x00000000c3400000, 0x00000000c3500000, 0x00000000c3500000|100%| O|  |TAMS 0x00000000c3400000| PB 0x00000000c3400000| Untracked |  0
|   5|0x00000000c3500000, 0x00000000c3600000, 0x00000000c3600000|100%| O|  |TAMS 0x00000000c3500000| PB 0x00000000c3500000| Untracked |  0
|   6|0x00000000c3600000, 0x00000000c3700000, 0x00000000c3700000|100%| O|  |TAMS 0x00000000c3600000| PB 0x00000000c3600000| Untracked |  0
|   7|0x00000000c3700000, 0x00000000c3714130, 0x00000000c3800000|  7%| O|  |TAMS 0x00000000c3700000| PB 0x00000000c3700000| Untracked |  0
|   8|0x00000000c3800000, 0x00000000c3800000, 0x00000000c3900000|  0%| F|  |TAMS 0x00000000c3800000| PB 0x00000000c3800000| Untracked |  0
|   9|0x00000000c3900000, 0x00000000c3900000, 0x00000000c3a00000|  0%| F|  |TAMS 0x00000000c3900000| PB 0x00000000c3900000| Untracked |  0
|  10|0x00000000c3a00000, 0x00000000c3a00000, 0x00000000c3b00000|  0%| F|  |TAMS 0x00000000c3a00000| PB 0x00000000c3a00000| Untracked |  0
|  11|0x00000000c3b00000, 0x00000000c3b00000, 0x00000000c3c00000|  0%| F|  |TAMS 0x00000000c3b00000| PB 0x00000000c3b00000| Untracked |  0
|  12|0x00000000c3c00000, 0x00000000c3c00000, 0x00000000c3d00000|  0%| F|  |TAMS 0x00000000c3c00000| PB 0x00000000c3c00000| Untracked |  0
|  13|0x00000000c3d00000, 0x00000000c3d00000, 0x00000000c3e00000|  0%| F|  |TAMS 0x00000000c3d00000| PB 0x00000000c3d00000| Untracked |  0
|  14|0x00000000c3e00000, 0x00000000c3e00000, 0x00000000c3f00000|  0%| F|  |TAMS 0x00000000c3e00000| PB 0x00000000c3e00000| Untracked |  0
|  15|0x00000000c3f00000, 0x00000000c3f00000, 0x00000000c4000000|  0%| F|  |TAMS 0x00000000c3f00000| PB 0x00000000c3f00000| Untracked |  0
|  16|0x00000000c4000000, 0x00000000c4000000, 0x00000000c4100000|  0%| F|  |TAMS 0x00000000c4000000| PB 0x00000000c4000000| Untracked |  0
|  17|0x00000000c4100000, 0x00000000c4100000, 0x00000000c4200000|  0%| F|  |TAMS 0x00000000c4100000| PB 0x00000000c4100000| Untracked |  0
|  18|0x00000000c4200000, 0x00000000c4200000, 0x00000000c4300000|  0%| F|  |TAMS 0x00000000c4200000| PB 0x00000000c4200000| Untracked |  0
|  19|0x00000000c4300000, 0x00000000c4300000, 0x00000000c4400000|  0%| F|  |TAMS 0x00000000c4300000| PB 0x00000000c4300000| Untracked |  0
|  20|0x00000000c4400000, 0x00000000c4400000, 0x00000000c4500000|  0%| F|  |TAMS 0x00000000c4400000| PB 0x00000000c4400000| Untracked |  0
|  21|0x00000000c4500000, 0x00000000c4500000, 0x00000000c4600000|  0%| F|  |TAMS 0x00000000c4500000| PB 0x00000000c4500000| Untracked |  0
|  22|0x00000000c4600000, 0x00000000c4600000, 0x00000000c4700000|  0%| F|  |TAMS 0x00000000c4600000| PB 0x00000000c4600000| Untracked |  0
|  23|0x00000000c4700000, 0x00000000c4700000, 0x00000000c4800000|  0%| F|  |TAMS 0x00000000c4700000| PB 0x00000000c4700000| Untracked |  0
|  24|0x00000000c4800000, 0x00000000c4800000, 0x00000000c4900000|  0%| F|  |TAMS 0x00000000c4800000| PB 0x00000000c4800000| Untracked |  0
|  25|0x00000000c4900000, 0x00000000c4900000, 0x00000000c4a00000|  0%| F|  |TAMS 0x00000000c4900000| PB 0x00000000c4900000| Untracked |  0
|  26|0x00000000c4a00000, 0x00000000c4a00000, 0x00000000c4b00000|  0%| F|  |TAMS 0x00000000c4a00000| PB 0x00000000c4a00000| Untracked |  0
|  27|0x00000000c4b00000, 0x00000000c4b00000, 0x00000000c4c00000|  0%| F|  |TAMS 0x00000000c4b00000| PB 0x00000000c4b00000| Untracked |  0
|  28|0x00000000c4c00000, 0x00000000c4c00000, 0x00000000c4d00000|  0%| F|  |TAMS 0x00000000c4c00000| PB 0x00000000c4c00000| Untracked |  0
|  29|0x00000000c4d00000, 0x00000000c4d1dcf0, 0x00000000c4e00000| 11%| S|CS|TAMS 0x00000000c4d00000| PB 0x00000000c4d00000| Complete |  0
|  30|0x00000000c4e00000, 0x00000000c4f00000, 0x00000000c4f00000|100%| S|CS|TAMS 0x00000000c4e00000| PB 0x00000000c4e00000| Complete |  0
|  31|0x00000000c4f00000, 0x00000000c5000000, 0x00000000c5000000|100%| S|CS|TAMS 0x00000000c4f00000| PB 0x00000000c4f00000| Complete |  0
|  32|0x00000000c5000000, 0x00000000c5000000, 0x00000000c5100000|  0%| F|  |TAMS 0x00000000c5000000| PB 0x00000000c5000000| Untracked |  0
|  33|0x00000000c5100000, 0x00000000c5100000, 0x00000000c5200000|  0%| F|  |TAMS 0x00000000c5100000| PB 0x00000000c5100000| Untracked |  0
|  34|0x00000000c5200000, 0x00000000c5200000, 0x00000000c5300000|  0%| F|  |TAMS 0x00000000c5200000| PB 0x00000000c5200000| Untracked |  0
|  35|0x00000000c5300000, 0x00000000c532d988, 0x00000000c5400000| 17%| E|  |TAMS 0x00000000c5300000| PB 0x00000000c5300000| Complete |  0
|  36|0x00000000c5400000, 0x00000000c5500000, 0x00000000c5500000|100%| E|CS|TAMS 0x00000000c5400000| PB 0x00000000c5400000| Complete |  0
|  37|0x00000000c5500000, 0x00000000c5600000, 0x00000000c5600000|100%| E|CS|TAMS 0x00000000c5500000| PB 0x00000000c5500000| Complete |  0
|  38|0x00000000c5600000, 0x00000000c5700000, 0x00000000c5700000|100%| E|CS|TAMS 0x00000000c5600000| PB 0x00000000c5600000| Complete |  0
|  39|0x00000000c5700000, 0x00000000c5800000, 0x00000000c5800000|100%| E|CS|TAMS 0x00000000c5700000| PB 0x00000000c5700000| Complete |  0
|  40|0x00000000c5800000, 0x00000000c5900000, 0x00000000c5900000|100%| E|CS|TAMS 0x00000000c5800000| PB 0x00000000c5800000| Complete |  0
|  41|0x00000000c5900000, 0x00000000c5a00000, 0x00000000c5a00000|100%| E|CS|TAMS 0x00000000c5900000| PB 0x00000000c5900000| Complete |  0
|  42|0x00000000c5a00000, 0x00000000c5b00000, 0x00000000c5b00000|100%| E|CS|TAMS 0x00000000c5a00000| PB 0x00000000c5a00000| Complete |  0
|  43|0x00000000c5b00000, 0x00000000c5c00000, 0x00000000c5c00000|100%| E|  |TAMS 0x00000000c5b00000| PB 0x00000000c5b00000| Complete |  0
|  44|0x00000000c5c00000, 0x00000000c5d00000, 0x00000000c5d00000|100%| E|CS|TAMS 0x00000000c5c00000| PB 0x00000000c5c00000| Complete |  0
|  45|0x00000000c5d00000, 0x00000000c5e00000, 0x00000000c5e00000|100%| E|CS|TAMS 0x00000000c5d00000| PB 0x00000000c5d00000| Complete |  0
|  46|0x00000000c5e00000, 0x00000000c5f00000, 0x00000000c5f00000|100%| E|CS|TAMS 0x00000000c5e00000| PB 0x00000000c5e00000| Complete |  0
|  47|0x00000000c5f00000, 0x00000000c6000000, 0x00000000c6000000|100%| E|CS|TAMS 0x00000000c5f00000| PB 0x00000000c5f00000| Complete |  0
|  48|0x00000000c6000000, 0x00000000c6100000, 0x00000000c6100000|100%| E|CS|TAMS 0x00000000c6000000| PB 0x00000000c6000000| Complete |  0
|  49|0x00000000c6100000, 0x00000000c6200000, 0x00000000c6200000|100%| E|CS|TAMS 0x00000000c6100000| PB 0x00000000c6100000| Complete |  0
|  50|0x00000000c6200000, 0x00000000c6300000, 0x00000000c6300000|100%| E|CS|TAMS 0x00000000c6200000| PB 0x00000000c6200000| Complete |  0
|  51|0x00000000c6300000, 0x00000000c6400000, 0x00000000c6400000|100%| E|CS|TAMS 0x00000000c6300000| PB 0x00000000c6300000| Complete |  0
|  52|0x00000000c6400000, 0x00000000c6500000, 0x00000000c6500000|100%| E|CS|TAMS 0x00000000c6400000| PB 0x00000000c6400000| Complete |  0
|  53|0x00000000c6500000, 0x00000000c6600000, 0x00000000c6600000|100%| E|CS|TAMS 0x00000000c6500000| PB 0x00000000c6500000| Complete |  0
|  54|0x00000000c6600000, 0x00000000c6700000, 0x00000000c6700000|100%| E|CS|TAMS 0x00000000c6600000| PB 0x00000000c6600000| Complete |  0
|  55|0x00000000c6700000, 0x00000000c6800000, 0x00000000c6800000|100%| E|CS|TAMS 0x00000000c6700000| PB 0x00000000c6700000| Complete |  0
|  56|0x00000000c6800000, 0x00000000c6900000, 0x00000000c6900000|100%| E|CS|TAMS 0x00000000c6800000| PB 0x00000000c6800000| Complete |  0
|  57|0x00000000c6900000, 0x00000000c6a00000, 0x00000000c6a00000|100%| E|CS|TAMS 0x00000000c6900000| PB 0x00000000c6900000| Complete |  0
|  58|0x00000000c6a00000, 0x00000000c6b00000, 0x00000000c6b00000|100%| E|CS|TAMS 0x00000000c6a00000| PB 0x00000000c6a00000| Complete |  0
|  59|0x00000000c6b00000, 0x00000000c6c00000, 0x00000000c6c00000|100%| E|CS|TAMS 0x00000000c6b00000| PB 0x00000000c6b00000| Complete |  0
|  60|0x00000000c6c00000, 0x00000000c6d00000, 0x00000000c6d00000|100%| E|CS|TAMS 0x00000000c6c00000| PB 0x00000000c6c00000| Complete |  0
|  61|0x00000000c6d00000, 0x00000000c6e00000, 0x00000000c6e00000|100%| E|CS|TAMS 0x00000000c6d00000| PB 0x00000000c6d00000| Complete |  0

Card table byte_map: [0x000001dc5a6e0000,0x000001dc5a8d0000] _byte_map_base: 0x000001dc5a0c8000

Marking Bits: (CMBitMap*) 0x000001dc42ec3ab0
 Bits: [0x000001dc5a8d0000, 0x000001dc5b810000)

Polling page: 0x000001dc40e20000

Metaspace:

Usage:
  Non-class:     15.86 MB used.
      Class:      2.29 MB used.
       Both:     18.15 MB used.

Virtual space:
  Non-class space:       64.00 MB reserved,      16.00 MB ( 25%) committed,  1 nodes.
      Class space:        1.00 GB reserved,       2.44 MB ( <1%) committed,  1 nodes.
             Both:        1.06 GB reserved,      18.44 MB (  2%) committed. 

Chunk freelists:
   Non-Class:  15.78 MB
       Class:  13.42 MB
        Both:  29.20 MB

MaxMetaspaceSize: unlimited
CompressedClassSpaceSize: 1.00 GB
Initial GC threshold: 21.00 MB
Current GC threshold: 21.00 MB
CDS: on
 - commit_granule_bytes: 65536.
 - commit_granule_words: 8192.
 - virtual_space_node_default_size: 8388608.
 - enlarge_chunks_in_place: 1.
 - use_allocation_guard: 0.


Internal statistics:

num_allocs_failed_limit: 0.
num_arena_births: 276.
num_arena_deaths: 0.
num_vsnodes_births: 2.
num_vsnodes_deaths: 0.
num_space_committed: 295.
num_space_uncommitted: 0.
num_chunks_returned_to_freelist: 0.
num_chunks_taken_from_freelist: 921.
num_chunk_merges: 0.
num_chunk_splits: 614.
num_chunks_enlarged: 443.
num_inconsistent_stats: 0.

CodeHeap 'non-profiled nmethods': size=120000Kb used=806Kb max_used=806Kb free=119194Kb
 bounds [0x000001dc52c90000, 0x000001dc52f00000, 0x000001dc5a1c0000]
CodeHeap 'profiled nmethods': size=120000Kb used=4299Kb max_used=4299Kb free=115700Kb
 bounds [0x000001dc4b1c0000, 0x000001dc4b600000, 0x000001dc526f0000]
CodeHeap 'non-nmethods': size=5760Kb used=1442Kb max_used=1456Kb free=4317Kb
 bounds [0x000001dc526f0000, 0x000001dc52960000, 0x000001dc52c90000]
 total_blobs=2837 nmethods=2311 adapters=430
 compilation: enabled
              stopped_count=0, restarted_count=0
 full_count=0

Compilation events (20 events):
Event: 2.303 Thread 0x000001dc5e260390 2260       2       java.lang.invoke.DelegatingMethodHandle$Holder::reinvoke_L (22 bytes)
Event: 2.303 Thread 0x000001dc5e260390 nmethod 2260 0x000001dc4b5dac90 code [0x000001dc4b5dae40, 0x000001dc4b5dafe0]
Event: 2.304 Thread 0x000001dc5e260390 2261       2       java.util.Arrays$ArrayList::iterator (12 bytes)
Event: 2.304 Thread 0x000001dc5e260390 nmethod 2261 0x000001dc4b5db110 code [0x000001dc4b5db2a0, 0x000001dc4b5db458]
Event: 2.304 Thread 0x000001dc5e260390 2263       2       java.lang.invoke.DirectMethodHandle$Holder::invokeStatic (19 bytes)
Event: 2.305 Thread 0x000001dc5e260390 nmethod 2263 0x000001dc4b5db510 code [0x000001dc4b5db6c0, 0x000001dc4b5db828]
Event: 2.305 Thread 0x000001dc5e260390 2262       2       java.util.Arrays$ArrayItr::<init> (10 bytes)
Event: 2.305 Thread 0x000001dc5e260390 nmethod 2262 0x000001dc4b5db910 code [0x000001dc4b5dbaa0, 0x000001dc4b5dbbf0]
Event: 2.305 Thread 0x000001dc5e260390 2264       2       java.lang.StringConcatHelper::prepend (17 bytes)
Event: 2.305 Thread 0x000001dc5e260390 nmethod 2264 0x000001dc4b5dbc90 code [0x000001dc4b5dbe40, 0x000001dc4b5dbf70]
Event: 2.307 Thread 0x000001dc5e260390 2265  s    2       java.lang.Throwable::fillInStackTrace (29 bytes)
Event: 2.307 Thread 0x000001dc5e260390 nmethod 2265 0x000001dc4b5dc090 code [0x000001dc4b5dc240, 0x000001dc4b5dc4c8]
Event: 2.309 Thread 0x000001dc5e260390 2267       2       java.lang.invoke.LambdaForm$MH/0x000001dc6008b400::invoke (110 bytes)
Event: 2.309 Thread 0x000001dc5e260390 nmethod 2267 0x000001dc4b5dc590 code [0x000001dc4b5dc7a0, 0x000001dc4b5dcb68]
Event: 2.309 Thread 0x000001dc5e260390 2268       2       java.lang.invoke.LambdaForm$MH/0x000001dc6008ac00::invoke (46 bytes)
Event: 2.309 Thread 0x000001dc5e260390 nmethod 2268 0x000001dc4b5dce90 code [0x000001dc4b5dd060, 0x000001dc4b5dd278]
Event: 2.315 Thread 0x000001dc5e260390 2270       2       java.util.Arrays$ArrayList::<init> (16 bytes)
Event: 2.315 Thread 0x000001dc5e260390 nmethod 2270 0x000001dc4b5dd410 code [0x000001dc4b5dd5c0, 0x000001dc4b5dd7e8]
Event: 2.315 Thread 0x000001dc5e260390 2271       2       java.util.Arrays::asList (9 bytes)
Event: 2.316 Thread 0x000001dc5e260390 nmethod 2271 0x000001dc4b5dd910 code [0x000001dc4b5ddac0, 0x000001dc4b5ddd28]

GC Heap History (4 events):
Event: 1.290 GC heap before
{Heap before GC invocations=0 (full 0):
 garbage-first heap   total reserved 999424K, committed 63488K, used 25600K [0x00000000c3000000, 0x0000000100000000)
  region size 1024K, 24 young (24576K), 0 survivors (0K)
 Metaspace       used 6083K, committed 6208K, reserved 1114112K
  class space    used 722K, committed 768K, reserved 1048576K
}
Event: 1.315 GC heap after
{Heap after GC invocations=1 (full 0):
 garbage-first heap   total reserved 999424K, committed 63488K, used 7168K [0x00000000c3000000, 0x0000000100000000)
  region size 1024K, 3 young (3072K), 3 survivors (3072K)
 Metaspace       used 6083K, committed 6208K, reserved 1114112K
  class space    used 722K, committed 768K, reserved 1048576K
}
Event: 2.017 GC heap before
{Heap before GC invocations=1 (full 0):
 garbage-first heap   total reserved 999424K, committed 63488K, used 33792K [0x00000000c3000000, 0x0000000100000000)
  region size 1024K, 30 young (30720K), 3 survivors (3072K)
 Metaspace       used 12435K, committed 12736K, reserved 1114112K
  class space    used 1671K, committed 1792K, reserved 1048576K
}
Event: 2.027 GC heap after
{Heap after GC invocations=2 (full 0):
 garbage-first heap   total reserved 999424K, committed 63488K, used 9415K [0x00000000c3000000, 0x0000000100000000)
  region size 1024K, 3 young (3072K), 3 survivors (3072K)
 Metaspace       used 12435K, committed 12736K, reserved 1114112K
  class space    used 1671K, committed 1792K, reserved 1048576K
}

Dll operation events (7 events):
Event: 0.012 Loaded shared library C:\Program Files\Java\jdk-22\bin\java.dll
Event: 0.077 Loaded shared library C:\Program Files\Java\jdk-22\bin\jsvml.dll
Event: 0.161 Loaded shared library C:\Program Files\Java\jdk-22\bin\net.dll
Event: 0.165 Loaded shared library C:\Program Files\Java\jdk-22\bin\nio.dll
Event: 0.169 Loaded shared library C:\Program Files\Java\jdk-22\bin\zip.dll
Event: 0.386 Loaded shared library C:\Program Files\Java\jdk-22\bin\jimage.dll
Event: 1.736 Loaded shared library C:\Program Files\Java\jdk-22\bin\le.dll

Deoptimization events (20 events):
Event: 2.227 Thread 0x000001dca432b1e0 Uncommon trap: trap_request=0xffffff45 fr.pc=0x000001dc52c9f0f4 relative=0x0000000000000494
Event: 2.227 Thread 0x000001dca432b1e0 Uncommon trap: reason=unstable_if action=reinterpret pc=0x000001dc52c9f0f4 method=java.lang.AbstractStringBuilder.isLatin1()Z @ 10 c2
Event: 2.227 Thread 0x000001dca432b1e0 DEOPT PACKING pc=0x000001dc52c9f0f4 sp=0x00000062b83fd920
Event: 2.227 Thread 0x000001dca432b1e0 DEOPT UNPACKING pc=0x000001dc527446a2 sp=0x00000062b83fd8b0 mode 2
Event: 2.227 Thread 0x000001dca432b1e0 Uncommon trap: trap_request=0xffffff45 fr.pc=0x000001dc52ca7bec relative=0x000000000000006c
Event: 2.227 Thread 0x000001dca432b1e0 Uncommon trap: reason=unstable_if action=reinterpret pc=0x000001dc52ca7bec method=java.lang.AbstractStringBuilder.isLatin1()Z @ 10 c2
Event: 2.227 Thread 0x000001dca432b1e0 DEOPT PACKING pc=0x000001dc52ca7bec sp=0x00000062b83fd920
Event: 2.227 Thread 0x000001dca432b1e0 DEOPT UNPACKING pc=0x000001dc527446a2 sp=0x00000062b83fd8b0 mode 2
Event: 2.230 Thread 0x000001dca432b1e0 Uncommon trap: trap_request=0xffffff45 fr.pc=0x000001dc52cf5d54 relative=0x0000000000000054
Event: 2.230 Thread 0x000001dca432b1e0 Uncommon trap: reason=unstable_if action=reinterpret pc=0x000001dc52cf5d54 method=java.lang.CharacterData.of(I)Ljava/lang/CharacterData; @ 4 c2
Event: 2.230 Thread 0x000001dca432b1e0 DEOPT PACKING pc=0x000001dc52cf5d54 sp=0x00000062b83fd0c0
Event: 2.230 Thread 0x000001dca432b1e0 DEOPT UNPACKING pc=0x000001dc527446a2 sp=0x00000062b83fd058 mode 2
Event: 2.242 Thread 0x000001dc40c0de70 Uncommon trap: trap_request=0xffffffde fr.pc=0x000001dc52d1b0c0 relative=0x0000000000000300
Event: 2.242 Thread 0x000001dc40c0de70 Uncommon trap: reason=class_check action=maybe_recompile pc=0x000001dc52d1b0c0 method=java.util.HashMap.getNode(Ljava/lang/Object;)Ljava/util/HashMap$Node; @ 128 c2
Event: 2.242 Thread 0x000001dc40c0de70 DEOPT PACKING pc=0x000001dc52d1b0c0 sp=0x00000062b6cfe330
Event: 2.242 Thread 0x000001dc40c0de70 DEOPT UNPACKING pc=0x000001dc527446a2 sp=0x00000062b6cfe298 mode 2
Event: 2.288 Thread 0x000001dc40c0de70 Uncommon trap: trap_request=0xffffff45 fr.pc=0x000001dc52d536d4 relative=0x0000000000000e94
Event: 2.288 Thread 0x000001dc40c0de70 Uncommon trap: reason=unstable_if action=reinterpret pc=0x000001dc52d536d4 method=java.util.concurrent.ConcurrentHashMap.putVal(Ljava/lang/Object;Ljava/lang/Object;Z)Ljava/lang/Object; @ 97 c2
Event: 2.288 Thread 0x000001dc40c0de70 DEOPT PACKING pc=0x000001dc52d536d4 sp=0x00000062b6cfd060
Event: 2.288 Thread 0x000001dc40c0de70 DEOPT UNPACKING pc=0x000001dc527446a2 sp=0x00000062b6cfcff8 mode 2

Classes loaded (20 events):
Event: 2.202 Loading class sun/nio/fs/WindowsPath$WindowsPathWithAttributes
Event: 2.202 Loading class sun/nio/fs/BasicFileAttributesHolder
Event: 2.202 Loading class sun/nio/fs/BasicFileAttributesHolder done
Event: 2.202 Loading class sun/nio/fs/WindowsPath$WindowsPathWithAttributes done
Event: 2.202 Loading class java/util/StringTokenizer
Event: 2.203 Loading class java/util/StringTokenizer done
Event: 2.204 Loading class java/util/regex/Pattern$LazyLoop
Event: 2.204 Loading class java/util/regex/Pattern$LazyLoop done
Event: 2.224 Loading class sun/text/resources/cldr/FormatData_en
Event: 2.225 Loading class sun/text/resources/cldr/FormatData_en done
Event: 2.225 Loading class sun/text/resources/cldr/FormatData_en_US
Event: 2.225 Loading class sun/text/resources/cldr/FormatData_en_US done
Event: 2.249 Loading class java/io/StringReader
Event: 2.249 Loading class java/io/StringReader done
Event: 2.249 Loading class java/io/CharArrayReader
Event: 2.250 Loading class java/io/CharArrayReader done
Event: 2.306 Loading class javax/naming/ldap/LdapContext
Event: 2.306 Loading class javax/naming/directory/DirContext
Event: 2.306 Loading class javax/naming/directory/DirContext done
Event: 2.306 Loading class javax/naming/ldap/LdapContext done

Classes unloaded (0 events):
No events

Classes redefined (0 events):
No events

Internal exceptions (20 events):
Event: 1.481 Thread 0x000001dc40c0de70 Exception <a 'java/lang/NoSuchMethodError'{0x00000000c69bac88}: 'int java.lang.invoke.DirectMethodHandle$Holder.invokeSpecialIFC(java.lang.Object, java.lang.Object, java.lang.Object, java.lang.Object)'> (0x00000000c69bac88) 
thrown [s\open\src\hotspot\share\interpreter\linkResolver.cpp, line 774]
Event: 1.502 Thread 0x000001dc40c0de70 Exception <a 'java/lang/NoSuchMethodError'{0x00000000c689dd00}: 'void java.lang.invoke.DirectMethodHandle$Holder.invokeInterface(java.lang.Object, java.lang.Object, java.lang.Object)'> (0x00000000c689dd00) 
thrown [s\open\src\hotspot\share\interpreter\linkResolver.cpp, line 774]
Event: 1.524 Thread 0x000001dc40c0de70 Exception <a 'java/lang/NoSuchMethodError'{0x00000000c6725188}: 'java.lang.reflect.Field[] java.lang.Class.getDeclaredFields(java.lang.Class)'> (0x00000000c6725188) 
thrown [s\open\src\hotspot\share\interpreter\linkResolver.cpp, line 774]
Event: 1.525 Thread 0x000001dc40c0de70 Exception <a 'java/lang/NoSuchMethodError'{0x00000000c6729b38}: 'java.lang.Object java.lang.invoke.DirectMethodHandle$Holder.invokeStatic(java.lang.Object, java.lang.Object, int)'> (0x00000000c6729b38) 
thrown [s\open\src\hotspot\share\interpreter\linkResolver.cpp, line 774]
Event: 1.526 Thread 0x000001dc40c0de70 Exception <a 'java/lang/NoSuchMethodError'{0x00000000c6734f58}: 'void java.lang.invoke.DelegatingMethodHandle$Holder.delegate(java.lang.Object, java.lang.Object, int, java.lang.Object)'> (0x00000000c6734f58) 
thrown [s\open\src\hotspot\share\interpreter\linkResolver.cpp, line 774]
Event: 1.603 Thread 0x000001dc40c0de70 Exception <a 'java/lang/NoSuchMethodError'{0x00000000c6659818}: 'void java.lang.invoke.DirectMethodHandle$Holder.invokeStaticInit(java.lang.Object, java.lang.Object, java.lang.Object)'> (0x00000000c6659818) 
thrown [s\open\src\hotspot\share\interpreter\linkResolver.cpp, line 774]
Event: 1.609 Thread 0x000001dc40c0de70 Exception <a 'java/lang/NoSuchMethodError'{0x00000000c66a0b48}: 'java.lang.Object java.lang.invoke.DirectMethodHandle$Holder.invokeVirtual(java.lang.Object, java.lang.Object, java.lang.Object)'> (0x00000000c66a0b48) 
thrown [s\open\src\hotspot\share\interpreter\linkResolver.cpp, line 774]
Event: 1.619 Thread 0x000001dc40c0de70 Exception <a 'java/lang/NoSuchMethodError'{0x00000000c66c1168}: 'java.lang.Object java.lang.invoke.DirectMethodHandle$Holder.invokeStatic(java.lang.Object, long, java.lang.Object)'> (0x00000000c66c1168) 
thrown [s\open\src\hotspot\share\interpreter\linkResolver.cpp, line 774]
Event: 1.619 Thread 0x000001dc40c0de70 Exception <a 'java/lang/NoSuchMethodError'{0x00000000c66c47f0}: 'java.lang.Object java.lang.invoke.DirectMethodHandle$Holder.invokeStaticInit(java.lang.Object, long, java.lang.Object)'> (0x00000000c66c47f0) 
thrown [s\open\src\hotspot\share\interpreter\linkResolver.cpp, line 774]
Event: 1.619 Thread 0x000001dc40c0de70 Exception <a 'java/lang/NoSuchMethodError'{0x00000000c66c9d98}: 'java.lang.Object java.lang.invoke.DirectMethodHandle$Holder.newInvokeSpecial(java.lang.Object, long)'> (0x00000000c66c9d98) 
thrown [s\open\src\hotspot\share\interpreter\linkResolver.cpp, line 774]
Event: 1.638 Thread 0x000001dc40c0de70 Exception <a 'java/lang/NoSuchMethodError'{0x00000000c6526110}: 'void java.lang.invoke.DirectMethodHandle$Holder.invokeVirtual(java.lang.Object, java.lang.Object, java.lang.Object, java.lang.Object)'> (0x00000000c6526110) 
thrown [s\open\src\hotspot\share\interpreter\linkResolver.cpp, line 774]
Event: 1.683 Thread 0x000001dc40c0de70 Exception <a 'java/lang/NoSuchMethodError'{0x00000000c6358d78}: 'void java.lang.invoke.DirectMethodHandle$Holder.invokeSpecial(java.lang.Object, java.lang.Object, java.lang.Object)'> (0x00000000c6358d78) 
thrown [s\open\src\hotspot\share\interpreter\linkResolver.cpp, line 774]
Event: 1.690 Thread 0x000001dc40c0de70 Exception <a 'java/lang/IncompatibleClassChangeError'{0x00000000c6382f98}: Found class java.lang.Object, but interface was expected> (0x00000000c6382f98) 
thrown [s\open\src\hotspot\share\interpreter\linkResolver.cpp, line 841]
Event: 1.699 Thread 0x000001dc40c0de70 Exception <a 'java/lang/NoSuchMethodError'{0x00000000c639ee68}: 'java.lang.Object java.lang.invoke.DirectMethodHandle$Holder.invokeStaticInit(java.lang.Object, int)'> (0x00000000c639ee68) 
thrown [s\open\src\hotspot\share\interpreter\linkResolver.cpp, line 774]
Event: 1.702 Thread 0x000001dc40c0de70 Exception <a 'java/lang/NoSuchMethodError'{0x00000000c63a9248}: 'java.lang.Object java.lang.invoke.DirectMethodHandle$Holder.invokeStatic(java.lang.Object, int, java.lang.Object)'> (0x00000000c63a9248) 
thrown [s\open\src\hotspot\share\interpreter\linkResolver.cpp, line 774]
Event: 1.702 Thread 0x000001dc40c0de70 Exception <a 'java/lang/NoSuchMethodError'{0x00000000c63ac8c8}: 'java.lang.Object java.lang.invoke.DirectMethodHandle$Holder.invokeStaticInit(java.lang.Object, int, java.lang.Object)'> (0x00000000c63ac8c8) 
thrown [s\open\src\hotspot\share\interpreter\linkResolver.cpp, line 774]
Event: 1.720 Thread 0x000001dc40c0de70 Exception <a 'sun/nio/fs/WindowsException'{0x00000000c63ce8f8}> (0x00000000c63ce8f8) 
thrown [s\open\src\hotspot\share\prims\jni.cpp, line 520]
Event: 1.809 Thread 0x000001dc40c0de70 Exception <a 'java/lang/NoSuchMethodError'{0x00000000c5e4d5e8}: 'void java.lang.invoke.DirectMethodHandle$Holder.invokeVirtual(java.lang.Object, java.lang.Object)'> (0x00000000c5e4d5e8) 
thrown [s\open\src\hotspot\share\interpreter\linkResolver.cpp, line 774]
Event: 1.813 Thread 0x000001dc40c0de70 Exception <a 'java/lang/NoSuchMethodError'{0x00000000c5e5b688}: 'int java.lang.invoke.DirectMethodHandle$Holder.invokeVirtual(java.lang.Object, java.lang.Object)'> (0x00000000c5e5b688) 
thrown [s\open\src\hotspot\share\interpreter\linkResolver.cpp, line 774]
Event: 2.197 Thread 0x000001dc40c0de70 Exception <a 'java/lang/NoSuchMethodError'{0x00000000c626a958}: 'int java.lang.invoke.DirectMethodHandle$Holder.invokeSpecial(java.lang.Object, java.lang.Object, java.lang.Object, java.lang.Object, java.lang.Object)'> (0x00000000c626a958) 
thrown [s\open\src\hotspot\share\interpreter\linkResolver.cpp, line 774]

ZGC Phase Switch (0 events):
No events

VM Operations (20 events):
Event: 1.525 Executing VM operation: HandshakeAllThreads (Deoptimize)
Event: 1.525 Executing VM operation: HandshakeAllThreads (Deoptimize) done
Event: 1.548 Executing VM operation: HandshakeAllThreads (Deoptimize)
Event: 1.548 Executing VM operation: HandshakeAllThreads (Deoptimize) done
Event: 1.673 Executing VM operation: HandshakeAllThreads (Deoptimize)
Event: 1.673 Executing VM operation: HandshakeAllThreads (Deoptimize) done
Event: 1.679 Executing VM operation: HandshakeAllThreads (Deoptimize)
Event: 1.679 Executing VM operation: HandshakeAllThreads (Deoptimize) done
Event: 1.682 Executing VM operation: ICBufferFull
Event: 1.683 Executing VM operation: ICBufferFull done
Event: 1.704 Executing VM operation: HandshakeAllThreads (Deoptimize)
Event: 1.704 Executing VM operation: HandshakeAllThreads (Deoptimize) done
Event: 2.017 Executing VM operation: G1CollectForAllocation (G1 Evacuation Pause)
Event: 2.027 Executing VM operation: G1CollectForAllocation (G1 Evacuation Pause) done
Event: 2.116 Executing VM operation: HandshakeAllThreads (Deoptimize)
Event: 2.116 Executing VM operation: HandshakeAllThreads (Deoptimize) done
Event: 2.167 Executing VM operation: HandshakeAllThreads (Deoptimize)
Event: 2.167 Executing VM operation: HandshakeAllThreads (Deoptimize) done
Event: 2.230 Executing VM operation: HandshakeAllThreads (Deoptimize)
Event: 2.231 Executing VM operation: HandshakeAllThreads (Deoptimize) done

Memory protections (0 events):
No events

Nmethod flushes (0 events):
No events

Events (17 events):
Event: 0.039 Thread 0x000001dc40c0de70 Thread added: 0x000001dc40c0de70
Event: 0.071 Thread 0x000001dc40c0de70 Thread added: 0x000001dc5e24acc0
Event: 0.071 Thread 0x000001dc40c0de70 Thread added: 0x000001dc5e24b920
Event: 0.072 Thread 0x000001dc40c0de70 Thread added: 0x000001dc5e250340
Event: 0.072 Thread 0x000001dc40c0de70 Thread added: 0x000001dc5e250da0
Event: 0.072 Thread 0x000001dc40c0de70 Thread added: 0x000001dc5e25dd60
Event: 0.072 Thread 0x000001dc40c0de70 Thread added: 0x000001dc5e25e7c0
Event: 0.072 Thread 0x000001dc40c0de70 Thread added: 0x000001dc5e25f8e0
Event: 0.072 Thread 0x000001dc40c0de70 Thread added: 0x000001dc5e260390
Event: 0.148 Thread 0x000001dc40c0de70 Thread added: 0x000001dc5e4afe50
Event: 0.155 Thread 0x000001dc40c0de70 Thread added: 0x000001dc5e4b5c80
Event: 1.560 Thread 0x000001dc40c0de70 Thread added: 0x000001dca46a40a0
Event: 1.591 Thread 0x000001dca46a40a0 Thread exited: 0x000001dca46a40a0
Event: 1.688 Thread 0x000001dc40c0de70 Thread added: 0x000001dca432b1e0
Event: 1.810 Thread 0x000001dc40c0de70 Thread added: 0x000001dca462a130
Event: 2.277 Thread 0x000001dc40c0de70 Thread added: 0x000001dca44c35d0
Event: 2.318 Thread 0x000001dca44c35d0 Thread exited: 0x000001dca44c35d0


Dynamic libraries:
0x00007ff666bb0000 - 0x00007ff666bc0000 	C:\Program Files\Java\jdk-22\bin\java.exe
0x00007ff9489f0000 - 0x00007ff948c07000 	C:\WINDOWS\SYSTEM32\ntdll.dll
0x00007ff9467a0000 - 0x00007ff946864000 	C:\WINDOWS\System32\KERNEL32.DLL
0x00007ff946050000 - 0x00007ff9463fd000 	C:\WINDOWS\System32\KERNELBASE.dll
0x00007ff945f00000 - 0x00007ff946011000 	C:\WINDOWS\System32\ucrtbase.dll
0x00007ff926ca0000 - 0x00007ff926cb7000 	C:\Program Files\Java\jdk-22\bin\jli.dll
0x00007ff915610000 - 0x00007ff91562b000 	C:\Program Files\Java\jdk-22\bin\VCRUNTIME140.dll
0x00007ff947190000 - 0x00007ff94733e000 	C:\WINDOWS\System32\USER32.dll
0x00007ff944ef0000 - 0x00007ff945183000 	C:\WINDOWS\WinSxS\amd64_microsoft.windows.common-controls_6595b64144ccf1df_6.0.22621.3672_none_2713b9d173822955\COMCTL32.dll
0x00007ff946020000 - 0x00007ff946046000 	C:\WINDOWS\System32\win32u.dll
0x00007ff948470000 - 0x00007ff948517000 	C:\WINDOWS\System32\msvcrt.dll
0x00007ff947030000 - 0x00007ff947059000 	C:\WINDOWS\System32\GDI32.dll
0x00007ff945d10000 - 0x00007ff945e29000 	C:\WINDOWS\System32\gdi32full.dll
0x00007ff945e60000 - 0x00007ff945efa000 	C:\WINDOWS\System32\msvcp_win.dll
0x00007ff9478e0000 - 0x00007ff947911000 	C:\WINDOWS\System32\IMM32.DLL
0x00007ff944b90000 - 0x00007ff944b9c000 	C:\Program Files\Java\jdk-22\bin\vcruntime140_1.dll
0x00007ff8f75e0000 - 0x00007ff8f766e000 	C:\Program Files\Java\jdk-22\bin\msvcp140.dll
0x00007ff8c48d0000 - 0x00007ff8c5619000 	C:\Program Files\Java\jdk-22\bin\server\jvm.dll
0x00007ff947340000 - 0x00007ff9473f2000 	C:\WINDOWS\System32\ADVAPI32.dll
0x00007ff946ef0000 - 0x00007ff946f99000 	C:\WINDOWS\System32\sechost.dll
0x00007ff945e30000 - 0x00007ff945e58000 	C:\WINDOWS\System32\bcrypt.dll
0x00007ff947060000 - 0x00007ff947174000 	C:\WINDOWS\System32\RPCRT4.dll
0x00007ff947920000 - 0x00007ff947991000 	C:\WINDOWS\System32\WS2_32.dll
0x00007ff9408e0000 - 0x00007ff940914000 	C:\WINDOWS\SYSTEM32\WINMM.dll
0x00007ff941e30000 - 0x00007ff941e3a000 	C:\WINDOWS\SYSTEM32\VERSION.dll
0x00007ff945bd0000 - 0x00007ff945c1d000 	C:\WINDOWS\SYSTEM32\POWRPROF.dll
0x00007ff945bb0000 - 0x00007ff945bc3000 	C:\WINDOWS\SYSTEM32\UMPDC.dll
0x00007ff943e60000 - 0x00007ff943e78000 	C:\WINDOWS\SYSTEM32\kernel.appcore.dll
0x00007ff940200000 - 0x00007ff94020a000 	C:\Program Files\Java\jdk-22\bin\jimage.dll
0x00007ff945570000 - 0x00007ff9457a2000 	C:\WINDOWS\SYSTEM32\DBGHELP.DLL
0x00007ff946870000 - 0x00007ff946bfd000 	C:\WINDOWS\System32\combase.dll
0x00007ff946dc0000 - 0x00007ff946e97000 	C:\WINDOWS\System32\OLEAUT32.dll
0x00007ff945460000 - 0x00007ff945492000 	C:\WINDOWS\SYSTEM32\dbgcore.DLL
0x00007ff946400000 - 0x00007ff94647b000 	C:\WINDOWS\System32\bcryptPrimitives.dll
0x00007ff914fc0000 - 0x00007ff914fde000 	C:\Program Files\Java\jdk-22\bin\java.dll
0x00007ff947b00000 - 0x00007ff948368000 	C:\WINDOWS\System32\SHELL32.dll
0x00007ff9474d0000 - 0x00007ff947675000 	C:\WINDOWS\System32\ole32.dll
0x00007ff942d40000 - 0x00007ff94363e000 	C:\WINDOWS\SYSTEM32\windows.storage.dll
0x00007ff942c00000 - 0x00007ff942d3f000 	C:\WINDOWS\SYSTEM32\wintypes.dll
0x00007ff9477e0000 - 0x00007ff9478d9000 	C:\WINDOWS\System32\SHCORE.dll
0x00007ff947470000 - 0x00007ff9474ce000 	C:\WINDOWS\System32\shlwapi.dll
0x00007ff945c40000 - 0x00007ff945c61000 	C:\WINDOWS\SYSTEM32\profapi.dll
0x00007ff8f7500000 - 0x00007ff8f75d7000 	C:\Program Files\Java\jdk-22\bin\jsvml.dll
0x00007ff93e0d0000 - 0x00007ff93e0e0000 	C:\Program Files\Java\jdk-22\bin\net.dll
0x00007ff944380000 - 0x00007ff9443e9000 	C:\WINDOWS\system32\mswsock.dll
0x00007ff914f90000 - 0x00007ff914fa6000 	C:\Program Files\Java\jdk-22\bin\nio.dll
0x00007ff90d820000 - 0x00007ff90d837000 	C:\Program Files\Java\jdk-22\bin\zip.dll
0x00007ff9438e0000 - 0x00007ff94390d000 	C:\WINDOWS\SYSTEM32\IPHLPAPI.DLL
0x00007ff947400000 - 0x00007ff947409000 	C:\WINDOWS\System32\NSI.dll
0x00007ff943910000 - 0x00007ff943a08000 	C:\WINDOWS\SYSTEM32\DNSAPI.dll
0x00007ff92a110000 - 0x00007ff92a11a000 	C:\Windows\System32\rasadhlp.dll
0x00007ff9406f0000 - 0x00007ff940773000 	C:\WINDOWS\System32\fwpuclnt.dll
0x00007ff91d020000 - 0x00007ff91d02b000 	C:\Program Files\Java\jdk-22\bin\le.dll

dbghelp: loaded successfully - version: 4.0.5 - missing functions: none
symbol engine: initialized successfully - sym options: 0x614 - pdb path: .;C:\Program Files\Java\jdk-22\bin;C:\WINDOWS\SYSTEM32;C:\WINDOWS\WinSxS\amd64_microsoft.windows.common-controls_6595b64144ccf1df_6.0.22621.3672_none_2713b9d173822955;C:\Program Files\Java\jdk-22\bin\server

VM Arguments:
jvm_args: -XX:+ShowCodeDetailsInExceptionMessages 
java_command: com.application.api_gateway.ApiGatewayApplication
java_class_path (initial): C:\Users\computer care\OneDrive\Documents\springTool\microservices\api-gateway\target\classes;C:\Users\computer care\.m2\repository\org\springframework\cloud\spring-cloud-starter-gateway-mvc\4.1.5\spring-cloud-starter-gateway-mvc-4.1.5.jar;C:\Users\computer care\.m2\repository\org\springframework\cloud\spring-cloud-starter\4.1.4\spring-cloud-starter-4.1.4.jar;C:\Users\computer care\.m2\repository\org\springframework\cloud\spring-cloud-context\4.1.4\spring-cloud-context-4.1.4.jar;C:\Users\computer care\.m2\repository\org\springframework\security\spring-security-crypto\6.3.3\spring-security-crypto-6.3.3.jar;C:\Users\computer care\.m2\repository\org\springframework\cloud\spring-cloud-commons\4.1.4\spring-cloud-commons-4.1.4.jar;C:\Users\computer care\.m2\repository\org\springframework\security\spring-security-rsa\1.1.3\spring-security-rsa-1.1.3.jar;C:\Users\computer care\.m2\repository\org\bouncycastle\bcprov-jdk18on\1.78\bcprov-jdk18on-1.78.jar;C:\Users\computer care\.m2\repository\org\springframework\cloud\spring-cloud-gateway-server-mvc\4.1.5\spring-cloud-gateway-server-mvc-4.1.5.jar;C:\Users\computer care\.m2\repository\org\springframework\boot\spring-boot-starter-validation\3.3.3\spring-boot-starter-validation-3.3.3.jar;C:\Users\computer care\.m2\repository\org\apache\tomcat\embed\tomcat-embed-el\10.1.28\tomcat-embed-el-10.1.28.jar;C:\Users\computer care\.m2\repository\org\hibernate\validator\hibernate-validator\8.0.1.Final\hibernate-validator-8.0.1.Final.jar;C:\Users\computer care\.m2\repository\jakarta\validation\jakarta.validation-api\3.0.2\jakarta.validation-api-3.0.2.jar;C:\Users\computer care\.m2\repository\org\jboss\logging\jboss-logging\3.5.3.Final\jboss-logging-3.5.3.Final.jar;C:\Users\computer care\.m2\repository\com\fasterxml\classmate\1.7.0\classmate-1.7.0.jar;C:\Users\computer care\.m2\repository\org\springframework\boot\spring-boot-starter-web\3.3.3\spring-boot-starter-web-3.3.3.jar;C:\Users\computer care\.m2\repository\org\springframework\boot\spring-boot-starter-json\3.3.3\spring-boot-starter-json-3.3.3.jar;C:\Users\computer care\.m2\repository\com\fasterxml\jackson\datatype\jackson-datatype-jdk8\2.17.2\jackson-datatype-jdk8-2.17.2.jar;C:\Users\computer care\.m2\repository\com\fasterxml\jackson\datatype\jackson-datatype-jsr310\2.17.2\jackson-datatype-jsr310-2.17.2.jar;C:\Users\computer care\.m2\repository\com\fasterxml\jackson\module\jackson-module-parameter-names\2.17.2\jackson-module-parameter-names-2.17.2.jar;C:\Users\computer care\.m2\repository\org\springframework\boot\spring-boot-starter-tomcat\3.3.3\spring-boot-starter-tomcat-3.3.3.jar;C:\Users\computer care\.m2\repository\org\apache\tomcat\embed\tomcat-embed-core\10.1.28\tomcat-embed-core-10.1.28.jar;C:\Users\computer care\.m2\repository\org\apache\tomcat\embed\tomcat-embed-websocket\10.1.28\tomcat-embed-websocket-10.1.28.jar;C:\Users\computer care\.m2\repository\org\springframework\spring-web\6.1.12\spring-web-6.1.12.jar;C:\Users\computer care\.m2\repository\org\springframework\spring-beans\6.1.12\spring-beans-6.1.12.jar;C:\Users\computer care\.m2\repository\io\micrometer\micrometer-observation\1.13.3\micrometer-observation-1.13.3.jar;C:\Users\computer care\.m2\repository\io\micrometer\micrometer-commons\1.13.3\micrometer-commons-1.13.3.jar;C:\Users\computer care\.m2\repository\org\springframework\spring-webmvc\6.1.12\spring-webmvc-6.1.12.jar;C:\Users\computer care\.m2\repository\org\springframework\spring-aop\6.1.12\spring-aop-6.1.12.jar;C:\Users\computer care\.m2\repository\org\springframework\spring-context\6.1.12\spring-context-6.1.12.jar;C:\Users\computer care\.m2\repository\org\springframework\spring-expression\6.1.12\spring-expression-6.1.12.jar;C:\Users\computer care\.m2\repository\org\springframework\cloud\spring-cloud-starter-netflix-eureka-client\4.1.3\spring-cloud-starter-netflix-eureka-client-4.1.3.jar;C:\Users\computer care\.m2\repository\org\springframework\cloud\spring-cloud-netflix-eureka-client\4.1.3\spring-cloud-netflix-eureka-client-4.1.3.jar;C:\Users\computer care\.m2\repository\org\apache\httpcomponents\client5\httpclient5\5.3.1\httpclient5-5.3.1.jar;C:\Users\computer care\.m2\repository\org\apache\httpcomponents\core5\httpcore5\5.2.5\httpcore5-5.2.5.jar;C:\Users\computer care\.m2\repository\org\apache\httpcomponents\core5\httpcore5-h2\5.2.5\httpcore5-h2-5.2.5.jar;C:\Users\computer care\.m2\repository\com\netflix\eureka\eureka-client\2.0.3\eureka-client-2.0.3.jar;C:\Users\computer care\.m2\repository\com\thoughtworks\xstream\xstream\1.4.20\xstream-1.4.20.jar;C:\Users\computer care\.m2\repository\io\github\x-stream\mxparser\1.2.2\mxparser-1.2.2.jar;C:\Users\computer care\.m2\repository\xmlpull\xmlpull\1.1.3.1\xmlpull-1.1.3.1.jar;C:\Users\computer care\.m2\repository\jakarta\ws\rs\jakarta.ws.rs-api\3.1.0\jakarta.ws.rs-api-3.1.0.jar;C:\Users\computer care\.m2\repository\jakarta\inject\jakarta.inject-api\2.0.1\jakarta.inject-api-2.0.1.jar;C:\Users\computer care\.m2\repository\jakarta\annotation\jakarta.annotation-api\2.1.1\jakarta.annotation-api-2.1.1.jar;C:\Users\computer care\.m2\repository\com\netflix\spectator\spectator-api\1.7.3\spectator-api-1.7.3.jar;C:\Users\computer care\.m2\repository\org\slf4j\slf4j-api\2.0.16\slf4j-api-2.0.16.jar;C:\Users\computer care\.m2\repository\org\apache\httpcomponents\httpclient\4.5.3\httpclient-4.5.3.jar;C:\Users\computer care\.m2\repository\org\apache\httpcomponents\httpcore\4.4.16\httpcore-4.4.16.jar;C:\Users\computer care\.m2\repository\commons-codec\commons-codec\1.16.1\commons-codec-1.16.1.jar;C:\Users\computer care\.m2\repository\commons-configuration\commons-configuration\1.10\commons-configuration-1.10.jar;C:\Users\computer care\.m2\repository\commons-lang\commons-lang\2.6\commons-lang-2.6.jar;C:\Users\computer care\.m2\repository\com\fasterxml\jackson\core\jackson-annotations\2.17.2\jackson-annotations-2.17.2.jar;C:\Users\computer care\.m2\repository\com\fasterxml\jackson\core\jackson-core\2.17.2\jackson-core-2.17.2.jar;C:\Users\computer care\.m2\repository\com\fasterxml\jackson\core\jackson-databind\2.17.2\jackson-databind-2.17.2.jar;C:\Users\computer care\.m2\repository\com\netflix\netflix-commons\netflix-eventbus\0.3.0\netflix-eventbus-0.3.0.jar;C:\Users\computer care\.m2\repository\com\netflix\netflix-commons\netflix-infix\0.3.0\netflix-infix-0.3.0.jar;C:\Users\computer care\.m2\repository\commons-jxpath\commons-jxpath\1.3\commons-jxpath-1.3.jar;C:\Users\computer care\.m2\repository\joda-time\joda-time\2.3\joda-time-2.3.jar;C:\Users\computer care\.m2\repository\org\antlr\antlr-runtime\3.4\antlr-runtime-3.4.jar;C:\Users\computer care\.m2\repository\org\antlr\stringtemplate\3.2.1\stringtemplate-3.2.1.jar;C:\Users\computer care\.m2\repository\antlr\antlr\2.7.7\antlr-2.7.7.jar;C:\Users\computer care\.m2\repository\com\google\code\gson\gson\2.10.1\gson-2.10.1.jar;C:\Users\computer care\.m2\repository\com\netflix\servo\servo-core\0.5.3\servo-core-0.5.3.jar;C:\Users\computer care\.m2\repository\org\apache\commons\commons-math\2.2\commons-math-2.2.jar;C:\Users\computer care\.m2\repository\javax\annotation\javax.annotation-api\1.2\javax.annotation-api-1.2.jar;C:\Users\computer care\.m2\repository\org\codehaus\jettison\jettison\1.5.4\jettison-1.5.4.jar;C:\Users\computer care\.m2\repository\com\netflix\eureka\eureka-core\2.0.3\eureka-core-2.0.3.jar;C:\Users\computer care\.m2\repository\com\fasterxml\woodstox\woodstox-core\6.2.1\woodstox-core-6.2.1.jar;C:\Users\computer care\.m2\repository\org\codehaus\woodstox\stax2-api\4.2.1\stax2-api-4.2.1.jar;C:\Users\computer care\.m2\repository\com\google\guava\guava\33.0.0-jre\guava-33.0.0-jre.jar;C:\Users\computer care\.m2\repository\com\google\guava\failureaccess\1.0.2\failureaccess-1.0.2.jar;C:\Users\computer care\.m2\repository\com\google\guava\listenablefuture\9999.0-empty-to-avoid-conflict-with-guava\listenablefuture-9999.0-empty-to-avoid-conflict-with-guava.jar;C:\Users\computer care\.m2\repository\org\checkerframework\checker-qual\3.41.0\checker-qual-3.41.0.jar;C:\Users\computer care\.m2\repository\com\google\errorprone\error_prone_annotations\2.23.0\error_prone_annotations-2.23.0.jar;C:\Users\computer care\.m2\repository\com\google\j2objc\j2objc-annotations\2.8\j2objc-annotations-2.8.jar;C:\Users\computer care\.m2\repository\org\springframework\cloud\spring-cloud-starter-loadbalancer\4.1.4\spring-cloud-starter-loadbalancer-4.1.4.jar;C:\Users\computer care\.m2\repository\org\springframework\cloud\spring-cloud-loadbalancer\4.1.4\spring-cloud-loadbalancer-4.1.4.jar;C:\Users\computer care\.m2\repository\io\projectreactor\reactor-core\3.6.9\reactor-core-3.6.9.jar;C:\Users\computer care\.m2\repository\org\reactivestreams\reactive-streams\1.0.4\reactive-streams-1.0.4.jar;C:\Users\computer care\.m2\repository\io\projectreactor\addons\reactor-extra\3.5.2\reactor-extra-3.5.2.jar;C:\Users\computer care\.m2\repository\org\springframework\boot\spring-boot-starter-cache\3.3.3\spring-boot-starter-cache-3.3.3.jar;C:\Users\computer care\.m2\repository\org\springframework\spring-context-support\6.1.12\spring-context-support-6.1.12.jar;C:\Users\computer care\.m2\repository\com\stoyanr\evictor\1.0.0\evictor-1.0.0.jar;C:\Users\computer care\.m2\repository\org\springframework\boot\spring-boot-starter\3.3.3\spring-boot-starter-3.3.3.jar;C:\Users\computer care\.m2\repository\org\springframework\boot\spring-boot\3.3.3\spring-boot-3.3.3.jar;C:\Users\computer care\.m2\repository\org\springframework\boot\spring-boot-autoconfigure\3.3.3\spring-boot-autoconfigure-3.3.3.jar;C:\Users\computer care\.m2\repository\org\springframework\boot\spring-boot-starter-logging\3.3.3\spring-boot-starter-logging-3.3.3.jar;C:\Users\computer care\.m2\repository\ch\qos\logback\logback-classic\1.5.7\logback-classic-1.5.7.jar;C:\Users\computer care\.m2\repository\ch\qos\logback\logback-core\1.5.7\logback-core-1.5.7.jar;C:\Users\computer care\.m2\repository\org\apache\logging\log4j\log4j-to-slf4j\2.23.1\log4j-to-slf4j-2.23.1.jar;C:\Users\computer care\.m2\repository\org\apache\logging\log4j\log4j-api\2.23.1\log4j-api-2.23.1.jar;C:\Users\computer care\.m2\repository\org\slf4j\jul-to-slf4j\2.0.16\jul-to-slf4j-2.0.16.jar;C:\Users\computer care\.m2\repository\org\yaml\snakeyaml\2.2\snakeyaml-2.2.jar;C:\Users\computer care\.m2\repository\org\springframework\spring-core\6.1.12\spring-core-6.1.12.jar;C:\Users\computer care\.m2\repository\org\springframework\spring-jcl\6.1.12\spring-jcl-6.1.12.jar
Launcher Type: SUN_STANDARD

[Global flags]
     intx CICompilerCount                          = 4                                         {product} {ergonomic}
     uint ConcGCThreads                            = 2                                         {product} {ergonomic}
     uint G1ConcRefinementThreads                  = 8                                         {product} {ergonomic}
   size_t G1HeapRegionSize                         = 1048576                                   {product} {ergonomic}
   size_t InitialHeapSize                          = 65011712                                  {product} {ergonomic}
   size_t MarkStackSize                            = 4194304                                   {product} {ergonomic}
   size_t MaxHeapSize                              = 1023410176                                {product} {ergonomic}
   size_t MaxNewSize                               = 613416960                                 {product} {ergonomic}
   size_t MinHeapDeltaBytes                        = 1048576                                   {product} {ergonomic}
   size_t MinHeapSize                              = 8388608                                   {product} {ergonomic}
    uintx NonNMethodCodeHeapSize                   = 5839372                                {pd product} {ergonomic}
    uintx NonProfiledCodeHeapSize                  = 122909434                              {pd product} {ergonomic}
    uintx ProfiledCodeHeapSize                     = 122909434                              {pd product} {ergonomic}
    uintx ReservedCodeCacheSize                    = 251658240                              {pd product} {ergonomic}
     bool SegmentedCodeCache                       = true                                      {product} {ergonomic}
     bool ShowCodeDetailsInExceptionMessages       = true                                   {manageable} {command line}
   size_t SoftMaxHeapSize                          = 1023410176                             {manageable} {ergonomic}
     bool UseCompressedOops                        = true                           {product lp64_product} {ergonomic}
     bool UseG1GC                                  = true                                      {product} {ergonomic}
     bool UseLargePagesIndividualAllocation        = false                                  {pd product} {ergonomic}

Logging:
Log output configuration:
 #0: stdout all=warning uptime,level,tags foldmultilines=false
 #1: stderr all=off uptime,level,tags foldmultilines=false

Environment Variables:
PATH=C:\Program Files\Common Files\Oracle\Java\javapath;C:\WINDOWS\system32;C:\WINDOWS;C:\WINDOWS\System32\Wbem;C:\WINDOWS\System32\WindowsPowerShell\v1.0\;C:\WINDOWS\System32\OpenSSH\;C:\Program Files (x86)\Microsoft SQL Server\160\DTS\Binn\;C:\Program Files\Azure Data Studio\bin;C:\Program Files\nodejs\;C:\cygwin64\bin;C:\Program Files\dotnet\;C:\Program Files\Git\cmd;C:\Users\computer care\AppData\Local\Programs\Python\Python312\Scripts\;C:\Users\computer care\AppData\Local\Programs\Python\Python312\;C:\Users\computer care\AppData\Local\Programs\Python\Launcher\;C:\Program Files\MySQL\MySQL Shell 8.0\bin\;C:\Users\computer care\AppData\Local\Microsoft\WindowsApps;C:\Users\computer care\AppData\Local\Programs\Microsoft VS Code\bin;C:\Program Files\Azure Data Studio\bin;C:\Users\computer care\AppData\Roaming\npm;C:\Users\computer care\Desktop\jdk-20\bin;C:\cygwin64\bin;;C:\Program Files\JetBrains\IntelliJ IDEA 2024.2.0.1\bin;;C:\Program Files\JetBrains\IntelliJ IDEA Community Edition 2024.2.0.1\bin;
USERNAME=computer care
LANG=en_US.UTF-8
OS=Windows_NT
PROCESSOR_IDENTIFIER=Intel64 Family 6 Model 142 Stepping 12, GenuineIntel
TMP=C:\Users\COMPUT~1\AppData\Local\Temp
TEMP=C:\Users\COMPUT~1\AppData\Local\Temp




Periodic native trim disabled

---------------  S Y S T E M  ---------------

OS:
 Windows 11 , 64 bit Build 22621 (10.0.22621.3958)
OS uptime: 1 days 2:37 hours

CPU: total 8 (initial active 8) (4 cores per cpu, 2 threads per core) family 6 model 142 stepping 12 microcode 0xea, cx8, cmov, fxsr, ht, mmx, 3dnowpref, sse, sse2, sse3, ssse3, sse4.1, sse4.2, popcnt, lzcnt, tsc, tscinvbit, avx, avx2, aes, erms, clmul, bmi1, bmi2, adx, fma, vzeroupper, clflush, clflushopt, rdtscp, f16c
Processor Information for all 8 processors :
  Max Mhz: 2112, Current Mhz: 1609, Mhz Limit: 1605

Memory: 4k page, system-wide physical 3899M (74M free)
TotalPageFile size 15675M (AvailPageFile size 0M)
current process WorkingSet (physical memory assigned to process): 125M, peak: 125M
current process commit charge ("private bytes"): 187M, peak: 187M

vm_info: Java HotSpot(TM) 64-Bit Server VM (22.0.2+9-70) for windows-amd64 JRE (22.0.2+9-70), built on 2024-06-04T16:52:23Z by "mach5one" with MS VC++ 17.6 (VS2022)

END.
