#
# There is insufficient memory for the Java Runtime Environment to continue.
# Native memory allocation (malloc) failed to allocate 1102656 bytes. Error detail: Chunk::new
# Possible reasons:
#   The system is out of physical RAM or swap space
#   This process is running with CompressedOops enabled, and the Java Heap may be blocking the growth of the native heap
# Possible solutions:
#   Reduce memory load on the system
#   Increase physical memory or swap space
#   Check if swap backing store is full
#   Decrease Java heap size (-Xmx/-Xms)
#   Decrease number of Java threads
#   Decrease Java thread stack sizes (-Xss)
#   Set larger code cache with -XX:ReservedCodeCacheSize=
#   JVM is running with Unscaled Compressed Oops mode in which the Java heap is
#     placed in the first 4GB address space. The Java Heap base address is the
#     maximum limit for the native heap growth. Please use -XX:HeapBaseMinAddress
#     to set the Java Heap base and to place the Java Heap above 4GB virtual address.
# This output file may be truncated or incomplete.
#
#  Out of Memory Error (arena.cpp:191), pid=19068, tid=18732
#
# JRE version: OpenJDK Runtime Environment Temurin-17.0.12+7 (17.0.12+7) (build 17.0.12+7)
# Java VM: OpenJDK 64-Bit Server VM Temurin-17.0.12+7 (17.0.12+7, mixed mode, tiered, compressed oops, compressed class ptrs, parallel gc, windows-amd64)
# No core dump will be written. Minidumps are not enabled by default on client versions of Windows
#

---------------  S U M M A R Y ------------

Command Line: --add-modules=ALL-SYSTEM --add-opens=java.base/java.util=ALL-UNNAMED --add-opens=java.base/java.lang=ALL-UNNAMED --add-opens=java.base/sun.nio.fs=ALL-UNNAMED -Declipse.application=org.eclipse.jdt.ls.core.id1 -Dosgi.bundles.defaultStartLevel=4 -Declipse.product=org.eclipse.jdt.ls.core.product -Djava.import.generatesMetadataFilesAtProjectRoot=false -DDetectVMInstallationsJob.disabled=true -Dfile.encoding=utf8 -XX:+UseParallelGC -XX:GCTimeRatio=4 -XX:AdaptiveSizePolicyWeight=90 -Dsun.zip.disableMemoryMapping=true -Xmx1G -Xms100m -Xlog:disable -javaagent:c:\Users\computer care\.vscode\extensions\redhat.java-1.34.0-win32-x64\lombok\lombok-1.18.33.jar -XX:+HeapDumpOnOutOfMemoryError -XX:HeapDumpPath=c:\Users\computer care\AppData\Roaming\Code\User\workspaceStorage\62ee72a77dfa11e2668a76dc56007248\redhat.java -Daether.dependencyCollector.impl=bf c:\Users\computer care\.vscode\extensions\redhat.java-1.34.0-win32-x64\server\plugins\org.eclipse.equinox.launcher_1.6.900.v20240613-2009.jar -configuration c:\Users\computer care\AppData\Roaming\Code\User\globalStorage\redhat.java\1.34.0\config_win -data c:\Users\computer care\AppData\Roaming\Code\User\workspaceStorage\62ee72a77dfa11e2668a76dc56007248\redhat.java\jdt_ws --pipe=\\.\pipe\lsp-ba11138c1d3fad8fd756217571b887c5-sock

Host: Intel(R) Core(TM) i5-10210U CPU @ 1.60GHz, 8 cores, 3G,  Windows 11 , 64 bit Build 22621 (10.0.22621.3958)
Time: Sun Sep  8 20:29:06 2024 India Standard Time elapsed time: 41.217342 seconds (0d 0h 0m 41s)

---------------  T H R E A D  ---------------

Current thread (0x000001f26cd5a200):  JavaThread "C2 CompilerThread0" daemon [_thread_in_native, id=18732, stack(0x0000002a8a500000,0x0000002a8a600000)]


Current CompileTask:
C2:  41217 10398   !   4       java.nio.file.FileTreeWalker::visit (204 bytes)

Stack: [0x0000002a8a500000,0x0000002a8a600000]
Native frames: (J=compiled Java code, j=interpreted, Vv=VM code, C=native code)
V  [jvm.dll+0x67f929]
V  [jvm.dll+0x8371ba]
V  [jvm.dll+0x838c7e]
V  [jvm.dll+0x8392e3]
V  [jvm.dll+0x24834f]
V  [jvm.dll+0xac9d4]
V  [jvm.dll+0xad01c]
V  [jvm.dll+0x3674a7]
V  [jvm.dll+0x1bd562]
V  [jvm.dll+0x21aa09]
V  [jvm.dll+0x219cf1]
V  [jvm.dll+0x1a58bd]
V  [jvm.dll+0x229a2d]
V  [jvm.dll+0x227bdc]
V  [jvm.dll+0x7ec1f7]
V  [jvm.dll+0x7e65dc]
V  [jvm.dll+0x67e7f7]
C  [ucrtbase.dll+0x29333]
C  [KERNEL32.DLL+0x1257d]
C  [ntdll.dll+0x5af28]


---------------  P R O C E S S  ---------------

Threads class SMR info:
_java_thread_list=0x000001f270642f00, length=51, elements={
0x000001f251eac760, 0x000001f267c7b040, 0x000001f267c7c470, 0x000001f26cd21410,
0x000001f26cd221a0, 0x000001f26cd255e0, 0x000001f26cd25eb0, 0x000001f26cd5a200,
0x000001f26cd83b20, 0x000001f26cd8cc00, 0x000001f26ce9a420, 0x000001f26d0578c0,
0x000001f26cdd94c0, 0x000001f26ec79a50, 0x000001f26ec122e0, 0x000001f26e9389b0,
0x000001f26e4e5c10, 0x000001f26dff1810, 0x000001f26dfef9b0, 0x000001f26dfeef90,
0x000001f26dff03d0, 0x000001f26dfee060, 0x000001f26dfee570, 0x000001f26dfef4a0,
0x000001f26dff08e0, 0x000001f26dff0df0, 0x000001f26dfefec0, 0x000001f26dff1300,
0x000001f270042920, 0x000001f2700465e0, 0x000001f270042e30, 0x000001f270049370,
0x000001f2700460d0, 0x000001f270045bc0, 0x000001f270047000, 0x000001f270043340,
0x000001f270042410, 0x000001f270048e60, 0x000001f270043850, 0x000001f270047510,
0x000001f270048440, 0x000001f270049880, 0x000001f270044270, 0x000001f27244f570,
0x000001f2724509b0, 0x000001f27244f060, 0x000001f2724504a0, 0x000001f27244fa80,
0x000001f27244ff90, 0x000001f2724513d0, 0x000001f2713fe840
}

Java Threads: ( => current thread )
  0x000001f251eac760 JavaThread "main" [_thread_blocked, id=13524, stack(0x0000002a89c00000,0x0000002a89d00000)]
  0x000001f267c7b040 JavaThread "Reference Handler" daemon [_thread_blocked, id=12808, stack(0x0000002a89f00000,0x0000002a8a000000)]
  0x000001f267c7c470 JavaThread "Finalizer" daemon [_thread_blocked, id=7752, stack(0x0000002a8a000000,0x0000002a8a100000)]
  0x000001f26cd21410 JavaThread "Signal Dispatcher" daemon [_thread_blocked, id=19300, stack(0x0000002a8a100000,0x0000002a8a200000)]
  0x000001f26cd221a0 JavaThread "Attach Listener" daemon [_thread_blocked, id=18720, stack(0x0000002a8a200000,0x0000002a8a300000)]
  0x000001f26cd255e0 JavaThread "Service Thread" daemon [_thread_blocked, id=18724, stack(0x0000002a8a300000,0x0000002a8a400000)]
  0x000001f26cd25eb0 JavaThread "Monitor Deflation Thread" daemon [_thread_blocked, id=18728, stack(0x0000002a8a400000,0x0000002a8a500000)]
=>0x000001f26cd5a200 JavaThread "C2 CompilerThread0" daemon [_thread_in_native, id=18732, stack(0x0000002a8a500000,0x0000002a8a600000)]
  0x000001f26cd83b20 JavaThread "C1 CompilerThread0" daemon [_thread_blocked, id=18040, stack(0x0000002a8a600000,0x0000002a8a700000)]
  0x000001f26cd8cc00 JavaThread "Sweeper thread" daemon [_thread_blocked, id=19112, stack(0x0000002a8a700000,0x0000002a8a800000)]
  0x000001f26ce9a420 JavaThread "Common-Cleaner" daemon [_thread_blocked, id=17800, stack(0x0000002a8a800000,0x0000002a8a900000)]
  0x000001f26d0578c0 JavaThread "Notification Thread" daemon [_thread_blocked, id=12000, stack(0x0000002a8a900000,0x0000002a8aa00000)]
  0x000001f26cdd94c0 JavaThread "Active Thread: Equinox Container: 905002c7-5877-41c0-be62-2f58e301a4ed" [_thread_blocked, id=15616, stack(0x0000002a8b100000,0x0000002a8b200000)]
  0x000001f26ec79a50 JavaThread "Framework Event Dispatcher: Equinox Container: 905002c7-5877-41c0-be62-2f58e301a4ed" daemon [_thread_blocked, id=12960, stack(0x0000002a8b400000,0x0000002a8b500000)]
  0x000001f26ec122e0 JavaThread "Start Level: Equinox Container: 905002c7-5877-41c0-be62-2f58e301a4ed" daemon [_thread_blocked, id=7864, stack(0x0000002a8b500000,0x0000002a8b600000)]
  0x000001f26e9389b0 JavaThread "Bundle File Closer" daemon [_thread_blocked, id=17124, stack(0x0000002a8b700000,0x0000002a8b800000)]
  0x000001f26e4e5c10 JavaThread "SCR Component Actor" daemon [_thread_blocked, id=18756, stack(0x0000002a8b200000,0x0000002a8b300000)]
  0x000001f26dff1810 JavaThread "Worker-JM" [_thread_blocked, id=18648, stack(0x0000002a8b900000,0x0000002a8ba00000)]
  0x000001f26dfef9b0 JavaThread "JNA Cleaner" daemon [_thread_blocked, id=17120, stack(0x0000002a8b300000,0x0000002a8b400000)]
  0x000001f26dfeef90 JavaThread "Worker-0" [_thread_blocked, id=15792, stack(0x0000002a8ba00000,0x0000002a8bb00000)]
  0x000001f26dff03d0 JavaThread "Worker-1" [_thread_blocked, id=18800, stack(0x0000002a8bb00000,0x0000002a8bc00000)]
  0x000001f26dfee060 JavaThread "Java indexing" daemon [_thread_blocked, id=18516, stack(0x0000002a8be00000,0x0000002a8bf00000)]
  0x000001f26dfee570 JavaThread "Worker-2" [_thread_blocked, id=7340, stack(0x0000002a8bf00000,0x0000002a8c000000)]
  0x000001f26dfef4a0 JavaThread "Thread-2" daemon [_thread_in_native, id=18560, stack(0x0000002a8c000000,0x0000002a8c100000)]
  0x000001f26dff08e0 JavaThread "Thread-3" daemon [_thread_in_native, id=19264, stack(0x0000002a8c100000,0x0000002a8c200000)]
  0x000001f26dff0df0 JavaThread "Thread-4" daemon [_thread_in_native, id=7248, stack(0x0000002a8c200000,0x0000002a8c300000)]
  0x000001f26dfefec0 JavaThread "Thread-5" daemon [_thread_in_native, id=3972, stack(0x0000002a8c300000,0x0000002a8c400000)]
  0x000001f26dff1300 JavaThread "Thread-6" daemon [_thread_in_native, id=1548, stack(0x0000002a8c400000,0x0000002a8c500000)]
  0x000001f270042920 JavaThread "Thread-7" daemon [_thread_in_native, id=10556, stack(0x0000002a8c500000,0x0000002a8c600000)]
  0x000001f2700465e0 JavaThread "Thread-8" daemon [_thread_in_native, id=18748, stack(0x0000002a8c600000,0x0000002a8c700000)]
  0x000001f270042e30 JavaThread "Thread-9" daemon [_thread_in_native, id=18768, stack(0x0000002a8c700000,0x0000002a8c800000)]
  0x000001f270049370 JavaThread "Thread-10" daemon [_thread_in_native, id=6344, stack(0x0000002a8c800000,0x0000002a8c900000)]
  0x000001f2700460d0 JavaThread "pool-2-thread-1" [_thread_blocked, id=15256, stack(0x0000002a8c900000,0x0000002a8ca00000)]
  0x000001f270045bc0 JavaThread "WorkspaceEventsHandler" [_thread_blocked, id=19100, stack(0x0000002a8ca00000,0x0000002a8cb00000)]
  0x000001f270047000 JavaThread "pool-1-thread-1" [_thread_blocked, id=17324, stack(0x0000002a8cb00000,0x0000002a8cc00000)]
  0x000001f270043340 JavaThread "Worker-3" [_thread_blocked, id=4016, stack(0x0000002a8cc00000,0x0000002a8cd00000)]
  0x000001f270042410 JavaThread "ForkJoinPool.commonPool-worker-1" daemon [_thread_blocked, id=18476, stack(0x0000002a8b800000,0x0000002a8b900000)]
  0x000001f270048e60 JavaThread "ForkJoinPool.commonPool-worker-2" daemon [_thread_blocked, id=1960, stack(0x0000002a8bc00000,0x0000002a8bd00000)]
  0x000001f270043850 JavaThread "ForkJoinPool.commonPool-worker-3" daemon [_thread_blocked, id=18508, stack(0x0000002a8bd00000,0x0000002a8be00000)]
  0x000001f270047510 JavaThread "ForkJoinPool.commonPool-worker-4" daemon [_thread_blocked, id=12064, stack(0x0000002a8ce00000,0x0000002a8cf00000)]
  0x000001f270048440 JavaThread "ForkJoinPool.commonPool-worker-5" daemon [_thread_in_native, id=15488, stack(0x0000002a8cf00000,0x0000002a8d000000)]
  0x000001f270049880 JavaThread "ForkJoinPool.commonPool-worker-6" daemon [_thread_in_vm, id=12352, stack(0x0000002a8d000000,0x0000002a8d100000)]
  0x000001f270044270 JavaThread "ForkJoinPool.commonPool-worker-7" daemon [_thread_blocked, id=3976, stack(0x0000002a8d100000,0x0000002a8d200000)]
  0x000001f27244f570 JavaThread "Cleaner-0" daemon [_thread_blocked, id=3260, stack(0x0000002a8d200000,0x0000002a8d300000)]
  0x000001f2724509b0 JavaThread "Java Debug Server" daemon [_thread_in_native, id=1764, stack(0x0000002a8d300000,0x0000002a8d400000)]
  0x000001f27244f060 JavaThread "pool-4-thread-1" [_thread_in_native, id=13408, stack(0x0000002a8d400000,0x0000002a8d500000)]
  0x000001f2724504a0 JavaThread "RxSchedulerPurge-1" daemon [_thread_blocked, id=13668, stack(0x0000002a8d500000,0x0000002a8d600000)]
  0x000001f27244fa80 JavaThread "RxCachedWorkerPoolEvictor-1" daemon [_thread_blocked, id=17788, stack(0x0000002a8d600000,0x0000002a8d700000)]
  0x000001f27244ff90 JavaThread "RxNewThreadScheduler-1" daemon [_thread_blocked, id=8216, stack(0x0000002a8d700000,0x0000002a8d800000)]
  0x000001f2724513d0 JavaThread "process reaper (pid 10064)" daemon [_thread_in_native, id=9732, stack(0x0000002a89560000,0x0000002a89580000)]
  0x000001f2713fe840 JavaThread "C2 CompilerThread1" daemon [_thread_in_native, id=3200, stack(0x0000002a8cd00000,0x0000002a8ce00000)]

Other Threads:
  0x000001f26cd125b0 VMThread "VM Thread" [stack: 0x0000002a89e00000,0x0000002a89f00000] [id=19064]
  0x000001f26d057da0 WatcherThread [stack: 0x0000002a8aa00000,0x0000002a8ab00000] [id=13944]
  0x000001f251ec02a0 GCTaskThread "GC Thread#0" [stack: 0x0000002a89d00000,0x0000002a89e00000] [id=18392]
  0x000001f26e623ae0 GCTaskThread "GC Thread#1" [stack: 0x0000002a8ab00000,0x0000002a8ac00000] [id=18796]
  0x000001f26e5fd010 GCTaskThread "GC Thread#2" [stack: 0x0000002a8ac00000,0x0000002a8ad00000] [id=19240]
  0x000001f26e4406b0 GCTaskThread "GC Thread#3" [stack: 0x0000002a8ad00000,0x0000002a8ae00000] [id=19236]
  0x000001f26e440970 GCTaskThread "GC Thread#4" [stack: 0x0000002a8ae00000,0x0000002a8af00000] [id=18792]
  0x000001f26e440c30 GCTaskThread "GC Thread#5" [stack: 0x0000002a8af00000,0x0000002a8b000000] [id=19244]
  0x000001f26e1c3840 GCTaskThread "GC Thread#6" [stack: 0x0000002a8b000000,0x0000002a8b100000] [id=15380]
  0x000001f26e7f27e0 GCTaskThread "GC Thread#7" [stack: 0x0000002a8b600000,0x0000002a8b700000] [id=12448]

Threads with active compile tasks:
C2 CompilerThread0    41270 10398   !   4       java.nio.file.FileTreeWalker::visit (204 bytes)
C2 CompilerThread1    41270 10364   !   4       java.nio.file.FileTreeWalker::next (144 bytes)

VM state: not at safepoint (normal execution)

VM Mutex/Monitor currently owned by a thread: None

Heap address: 0x00000000c0000000, size: 1024 MB, Compressed Oops mode: 32-bit

CDS archive(s) not mapped
Compressed class space mapped at: 0x0000000100000000-0x0000000140000000, reserved size: 1073741824
Narrow klass base: 0x0000000000000000, Narrow klass shift: 3, Narrow klass range: 0x140000000

GC Precious Log:
 CPUs: 8 total, 8 available
 Memory: 3899M
 Large Page Support: Disabled
 NUMA Support: Disabled
 Compressed Oops: Enabled (32-bit)
 Alignments: Space 512K, Generation 512K, Heap 2M
 Heap Min Capacity: 100M
 Heap Initial Capacity: 100M
 Heap Max Capacity: 1G
 Pre-touch: Disabled
 Parallel Workers: 8

Heap:
 PSYoungGen      total 54784K, used 7534K [0x00000000eab00000, 0x00000000ef080000, 0x0000000100000000)
  eden space 39424K, 19% used [0x00000000eab00000,0x00000000eb25bb48,0x00000000ed180000)
  from space 15360K, 0% used [0x00000000ee080000,0x00000000ee080000,0x00000000eef80000)
  to   space 15360K, 0% used [0x00000000ed180000,0x00000000ed180000,0x00000000ee080000)
 ParOldGen       total 121344K, used 91336K [0x00000000c0000000, 0x00000000c7680000, 0x00000000eab00000)
  object space 121344K, 75% used [0x00000000c0000000,0x00000000c5932100,0x00000000c7680000)
 Metaspace       used 75125K, committed 76416K, reserved 1179648K
  class space    used 8022K, committed 8640K, reserved 1048576K

Card table byte_map: [0x000001f2654f0000,0x000001f265700000] _byte_map_base: 0x000001f264ef0000

Marking Bits: (ParMarkBitMap*) 0x00007ff8bcc058b0
 Begin Bits: [0x000001f265860000, 0x000001f266860000)
 End Bits:   [0x000001f266860000, 0x000001f267860000)

Polling page: 0x000001f251f50000

Metaspace:

Usage:
  Non-class:     65.53 MB used.
      Class:      7.83 MB used.
       Both:     73.37 MB used.

Virtual space:
  Non-class space:      128.00 MB reserved,      66.19 MB ( 52%) committed,  2 nodes.
      Class space:        1.00 GB reserved,       8.44 MB ( <1%) committed,  1 nodes.
             Both:        1.12 GB reserved,      74.62 MB (  6%) committed. 

Chunk freelists:
   Non-Class:  13.44 MB
       Class:  7.51 MB
        Both:  20.95 MB

MaxMetaspaceSize: unlimited
CompressedClassSpaceSize: 1.00 GB
Initial GC threshold: 21.00 MB
Current GC threshold: 124.00 MB
CDS: off
MetaspaceReclaimPolicy: balanced
 - commit_granule_bytes: 65536.
 - commit_granule_words: 8192.
 - virtual_space_node_default_size: 8388608.
 - enlarge_chunks_in_place: 1.
 - new_chunks_are_fully_committed: 0.
 - uncommit_free_chunks: 1.
 - use_allocation_guard: 0.
 - handle_deallocations: 1.


Internal statistics:

num_allocs_failed_limit: 9.
num_arena_births: 970.
num_arena_deaths: 34.
num_vsnodes_births: 3.
num_vsnodes_deaths: 0.
num_space_committed: 1194.
num_space_uncommitted: 0.
num_chunks_returned_to_freelist: 52.
num_chunks_taken_from_freelist: 4138.
num_chunk_merges: 15.
num_chunk_splits: 2546.
num_chunks_enlarged: 1441.
num_inconsistent_stats: 0.

CodeHeap 'non-profiled nmethods': size=120000Kb used=4640Kb max_used=4640Kb free=115359Kb
 bounds [0x000001f25ddd0000, 0x000001f25e260000, 0x000001f265300000]
CodeHeap 'profiled nmethods': size=120000Kb used=18518Kb max_used=18518Kb free=101481Kb
 bounds [0x000001f256300000, 0x000001f257520000, 0x000001f25d830000]
CodeHeap 'non-nmethods': size=5760Kb used=1388Kb max_used=1457Kb free=4372Kb
 bounds [0x000001f25d830000, 0x000001f25daa0000, 0x000001f25ddd0000]
 total_blobs=9737 nmethods=8994 adapters=657
 compilation: enabled
              stopped_count=0, restarted_count=0
 full_count=0

Compilation events (20 events):
Event: 41.155 Thread 0x000001f26cd83b20 10521       2       java.lang.invoke.DirectMethodHandle::getFunction (53 bytes)
Event: 41.155 Thread 0x000001f26cd83b20 nmethod 10521 0x000001f257508c90 code [0x000001f257508e40, 0x000001f257509048]
Event: 41.155 Thread 0x000001f26cd83b20 10522       2       sun.nio.ch.Invoker$GroupAndInvokeCount::resetInvokeCount (6 bytes)
Event: 41.156 Thread 0x000001f26cd83b20 nmethod 10522 0x000001f257509190 code [0x000001f257509320, 0x000001f257509438]
Event: 41.158 Thread 0x000001f26cd83b20 10523       3       org.eclipse.core.internal.resources.Resource::checkExists (38 bytes)
Event: 41.159 Thread 0x000001f26cd83b20 nmethod 10523 0x000001f257509510 code [0x000001f257509700, 0x000001f257509d58]
Event: 41.164 Thread 0x000001f26cd83b20 10524       2       org.eclipse.core.internal.jobs.OrderedLock::isConflicting (9 bytes)
Event: 41.164 Thread 0x000001f26cd83b20 nmethod 10524 0x000001f257509f90 code [0x000001f25750a120, 0x000001f25750a258]
Event: 41.169 Thread 0x000001f26cd83b20 10525   !   2       org.eclipse.core.internal.registry.ConfigurationElement::createExecutableExtension (419 bytes)
Event: 41.173 Thread 0x000001f26cd83b20 nmethod 10525 0x000001f25750a310 code [0x000001f25750a720, 0x000001f25750b7d8]
Event: 41.173 Thread 0x000001f26cd83b20 10529       3       org.eclipse.jdt.internal.core.JavaProject::computePackageFragmentRoots (650 bytes)
Event: 41.183 Thread 0x000001f26cd83b20 nmethod 10529 0x000001f25750c610 code [0x000001f25750ce60, 0x000001f257512268]
Event: 41.183 Thread 0x000001f26cd83b20 10528       2       java.lang.invoke.MethodHandles::constant (88 bytes)
Event: 41.184 Thread 0x000001f26cd83b20 nmethod 10528 0x000001f257513f10 code [0x000001f2575141a0, 0x000001f257514938]
Event: 41.184 Thread 0x000001f26cd83b20 10526       2       org.eclipse.core.internal.registry.ExtensionRegistry::createExecutableExtension (11 bytes)
Event: 41.184 Thread 0x000001f26cd83b20 nmethod 10526 0x000001f257514d90 code [0x000001f257514f20, 0x000001f257515048]
Event: 41.184 Thread 0x000001f26cd83b20 10527   !   2       org.eclipse.core.internal.registry.osgi.RegistryStrategyOSGI::createExecutableExtension (147 bytes)
Event: 41.186 Thread 0x000001f26cd83b20 nmethod 10527 0x000001f257515110 code [0x000001f2575153c0, 0x000001f257515c18]
Event: 41.210 Thread 0x000001f26cd83b20 10531       1       org.eclipse.core.internal.dtree.NoDataDeltaNode::isDelta (2 bytes)
Event: 41.211 Thread 0x000001f26cd83b20 nmethod 10531 0x000001f25e257f90 code [0x000001f25e258120, 0x000001f25e2581f8]

GC Heap History (20 events):
Event: 28.270 GC heap before
{Heap before GC invocations=84 (full 5):
 PSYoungGen      total 45568K, used 45232K [0x00000000eab00000, 0x00000000ee000000, 0x0000000100000000)
  eden space 37376K, 100% used [0x00000000eab00000,0x00000000ecf80000,0x00000000ecf80000)
  from space 8192K, 95% used [0x00000000ed780000,0x00000000edf2c010,0x00000000edf80000)
  to   space 8192K, 0% used [0x00000000ecf80000,0x00000000ecf80000,0x00000000ed780000)
 ParOldGen       total 121344K, used 104067K [0x00000000c0000000, 0x00000000c7680000, 0x00000000eab00000)
  object space 121344K, 85% used [0x00000000c0000000,0x00000000c65a0c28,0x00000000c7680000)
 Metaspace       used 64039K, committed 65216K, reserved 1114112K
  class space    used 6834K, committed 7360K, reserved 1048576K
}
Event: 28.276 GC heap after
{Heap after GC invocations=84 (full 5):
 PSYoungGen      total 45568K, used 8192K [0x00000000eab00000, 0x00000000ee300000, 0x0000000100000000)
  eden space 37376K, 0% used [0x00000000eab00000,0x00000000eab00000,0x00000000ecf80000)
  from space 8192K, 100% used [0x00000000ecf80000,0x00000000ed780000,0x00000000ed780000)
  to   space 8704K, 0% used [0x00000000eda80000,0x00000000eda80000,0x00000000ee300000)
 ParOldGen       total 121344K, used 104139K [0x00000000c0000000, 0x00000000c7680000, 0x00000000eab00000)
  object space 121344K, 85% used [0x00000000c0000000,0x00000000c65b2c28,0x00000000c7680000)
 Metaspace       used 64039K, committed 65216K, reserved 1114112K
  class space    used 6834K, committed 7360K, reserved 1048576K
}
Event: 28.386 GC heap before
{Heap before GC invocations=85 (full 5):
 PSYoungGen      total 45568K, used 45568K [0x00000000eab00000, 0x00000000ee300000, 0x0000000100000000)
  eden space 37376K, 100% used [0x00000000eab00000,0x00000000ecf80000,0x00000000ecf80000)
  from space 8192K, 100% used [0x00000000ecf80000,0x00000000ed780000,0x00000000ed780000)
  to   space 8704K, 0% used [0x00000000eda80000,0x00000000eda80000,0x00000000ee300000)
 ParOldGen       total 121344K, used 104139K [0x00000000c0000000, 0x00000000c7680000, 0x00000000eab00000)
  object space 121344K, 85% used [0x00000000c0000000,0x00000000c65b2c28,0x00000000c7680000)
 Metaspace       used 64531K, committed 65728K, reserved 1114112K
  class space    used 6892K, committed 7424K, reserved 1048576K
}
Event: 28.392 GC heap after
{Heap after GC invocations=85 (full 5):
 PSYoungGen      total 46592K, used 8688K [0x00000000eab00000, 0x00000000ee700000, 0x0000000100000000)
  eden space 37888K, 0% used [0x00000000eab00000,0x00000000eab00000,0x00000000ed000000)
  from space 8704K, 99% used [0x00000000eda80000,0x00000000ee2fc010,0x00000000ee300000)
  to   space 10752K, 0% used [0x00000000ed000000,0x00000000ed000000,0x00000000eda80000)
 ParOldGen       total 121344K, used 105395K [0x00000000c0000000, 0x00000000c7680000, 0x00000000eab00000)
  object space 121344K, 86% used [0x00000000c0000000,0x00000000c66ecc28,0x00000000c7680000)
 Metaspace       used 64531K, committed 65728K, reserved 1114112K
  class space    used 6892K, committed 7424K, reserved 1048576K
}
Event: 28.751 GC heap before
{Heap before GC invocations=86 (full 5):
 PSYoungGen      total 46592K, used 46576K [0x00000000eab00000, 0x00000000ee700000, 0x0000000100000000)
  eden space 37888K, 100% used [0x00000000eab00000,0x00000000ed000000,0x00000000ed000000)
  from space 8704K, 99% used [0x00000000eda80000,0x00000000ee2fc010,0x00000000ee300000)
  to   space 10752K, 0% used [0x00000000ed000000,0x00000000ed000000,0x00000000eda80000)
 ParOldGen       total 121344K, used 105395K [0x00000000c0000000, 0x00000000c7680000, 0x00000000eab00000)
  object space 121344K, 86% used [0x00000000c0000000,0x00000000c66ecc28,0x00000000c7680000)
 Metaspace       used 66394K, committed 67584K, reserved 1114112K
  class space    used 7101K, committed 7616K, reserved 1048576K
}
Event: 28.760 GC heap after
{Heap after GC invocations=86 (full 5):
 PSYoungGen      total 48640K, used 10727K [0x00000000eab00000, 0x00000000ee900000, 0x0000000100000000)
  eden space 37888K, 0% used [0x00000000eab00000,0x00000000eab00000,0x00000000ed000000)
  from space 10752K, 99% used [0x00000000ed000000,0x00000000eda79e98,0x00000000eda80000)
  to   space 11776K, 0% used [0x00000000edd80000,0x00000000edd80000,0x00000000ee900000)
 ParOldGen       total 121344K, used 106011K [0x00000000c0000000, 0x00000000c7680000, 0x00000000eab00000)
  object space 121344K, 87% used [0x00000000c0000000,0x00000000c6786c28,0x00000000c7680000)
 Metaspace       used 66394K, committed 67584K, reserved 1114112K
  class space    used 7101K, committed 7616K, reserved 1048576K
}
Event: 28.900 GC heap before
{Heap before GC invocations=87 (full 5):
 PSYoungGen      total 48640K, used 48615K [0x00000000eab00000, 0x00000000ee900000, 0x0000000100000000)
  eden space 37888K, 100% used [0x00000000eab00000,0x00000000ed000000,0x00000000ed000000)
  from space 10752K, 99% used [0x00000000ed000000,0x00000000eda79e98,0x00000000eda80000)
  to   space 11776K, 0% used [0x00000000edd80000,0x00000000edd80000,0x00000000ee900000)
 ParOldGen       total 121344K, used 106011K [0x00000000c0000000, 0x00000000c7680000, 0x00000000eab00000)
  object space 121344K, 87% used [0x00000000c0000000,0x00000000c6786c28,0x00000000c7680000)
 Metaspace       used 67012K, committed 68224K, reserved 1114112K
  class space    used 7120K, committed 7680K, reserved 1048576K
}
Event: 28.908 GC heap after
{Heap after GC invocations=87 (full 5):
 PSYoungGen      total 49664K, used 9400K [0x00000000eab00000, 0x00000000ee700000, 0x0000000100000000)
  eden space 39936K, 0% used [0x00000000eab00000,0x00000000eab00000,0x00000000ed200000)
  from space 9728K, 96% used [0x00000000edd80000,0x00000000ee6ae340,0x00000000ee700000)
  to   space 10240K, 0% used [0x00000000ed300000,0x00000000ed300000,0x00000000edd00000)
 ParOldGen       total 121344K, used 107472K [0x00000000c0000000, 0x00000000c7680000, 0x00000000eab00000)
  object space 121344K, 88% used [0x00000000c0000000,0x00000000c68f4328,0x00000000c7680000)
 Metaspace       used 67012K, committed 68224K, reserved 1114112K
  class space    used 7120K, committed 7680K, reserved 1048576K
}
Event: 29.162 GC heap before
{Heap before GC invocations=88 (full 5):
 PSYoungGen      total 49664K, used 49336K [0x00000000eab00000, 0x00000000ee700000, 0x0000000100000000)
  eden space 39936K, 100% used [0x00000000eab00000,0x00000000ed200000,0x00000000ed200000)
  from space 9728K, 96% used [0x00000000edd80000,0x00000000ee6ae340,0x00000000ee700000)
  to   space 10240K, 0% used [0x00000000ed300000,0x00000000ed300000,0x00000000edd00000)
 ParOldGen       total 121344K, used 107472K [0x00000000c0000000, 0x00000000c7680000, 0x00000000eab00000)
  object space 121344K, 88% used [0x00000000c0000000,0x00000000c68f4328,0x00000000c7680000)
 Metaspace       used 69231K, committed 70464K, reserved 1114112K
  class space    used 7307K, committed 7872K, reserved 1048576K
}
Event: 29.172 GC heap after
{Heap after GC invocations=88 (full 5):
 PSYoungGen      total 51200K, used 10094K [0x00000000eab00000, 0x00000000ee800000, 0x0000000100000000)
  eden space 40960K, 0% used [0x00000000eab00000,0x00000000eab00000,0x00000000ed300000)
  from space 10240K, 98% used [0x00000000ed300000,0x00000000edcdbbf8,0x00000000edd00000)
  to   space 10240K, 0% used [0x00000000ede00000,0x00000000ede00000,0x00000000ee800000)
 ParOldGen       total 121344K, used 107480K [0x00000000c0000000, 0x00000000c7680000, 0x00000000eab00000)
  object space 121344K, 88% used [0x00000000c0000000,0x00000000c68f6328,0x00000000c7680000)
 Metaspace       used 69231K, committed 70464K, reserved 1114112K
  class space    used 7307K, committed 7872K, reserved 1048576K
}
Event: 29.559 GC heap before
{Heap before GC invocations=89 (full 5):
 PSYoungGen      total 51200K, used 51049K [0x00000000eab00000, 0x00000000ee800000, 0x0000000100000000)
  eden space 40960K, 99% used [0x00000000eab00000,0x00000000ed2febe8,0x00000000ed300000)
  from space 10240K, 98% used [0x00000000ed300000,0x00000000edcdbbf8,0x00000000edd00000)
  to   space 10240K, 0% used [0x00000000ede00000,0x00000000ede00000,0x00000000ee800000)
 ParOldGen       total 121344K, used 107480K [0x00000000c0000000, 0x00000000c7680000, 0x00000000eab00000)
  object space 121344K, 88% used [0x00000000c0000000,0x00000000c68f6328,0x00000000c7680000)
 Metaspace       used 70605K, committed 71872K, reserved 1114112K
  class space    used 7452K, committed 8000K, reserved 1048576K
}
Event: 29.566 GC heap after
{Heap after GC invocations=89 (full 5):
 PSYoungGen      total 51712K, used 10213K [0x00000000eab00000, 0x00000000eea00000, 0x0000000100000000)
  eden space 41472K, 0% used [0x00000000eab00000,0x00000000eab00000,0x00000000ed380000)
  from space 10240K, 99% used [0x00000000ede00000,0x00000000ee7f97e0,0x00000000ee800000)
  to   space 10752K, 0% used [0x00000000ed380000,0x00000000ed380000,0x00000000ede00000)
 ParOldGen       total 121344K, used 107504K [0x00000000c0000000, 0x00000000c7680000, 0x00000000eab00000)
  object space 121344K, 88% used [0x00000000c0000000,0x00000000c68fc328,0x00000000c7680000)
 Metaspace       used 70605K, committed 71872K, reserved 1114112K
  class space    used 7452K, committed 8000K, reserved 1048576K
}
Event: 30.016 GC heap before
{Heap before GC invocations=90 (full 5):
 PSYoungGen      total 51712K, used 51685K [0x00000000eab00000, 0x00000000eea00000, 0x0000000100000000)
  eden space 41472K, 100% used [0x00000000eab00000,0x00000000ed380000,0x00000000ed380000)
  from space 10240K, 99% used [0x00000000ede00000,0x00000000ee7f97e0,0x00000000ee800000)
  to   space 10752K, 0% used [0x00000000ed380000,0x00000000ed380000,0x00000000ede00000)
 ParOldGen       total 121344K, used 107504K [0x00000000c0000000, 0x00000000c7680000, 0x00000000eab00000)
  object space 121344K, 88% used [0x00000000c0000000,0x00000000c68fc328,0x00000000c7680000)
 Metaspace       used 72446K, committed 73728K, reserved 1179648K
  class space    used 7668K, committed 8256K, reserved 1048576K
}
Event: 30.025 GC heap after
{Heap after GC invocations=90 (full 5):
 PSYoungGen      total 49152K, used 7610K [0x00000000eab00000, 0x00000000ee600000, 0x0000000100000000)
  eden space 41472K, 0% used [0x00000000eab00000,0x00000000eab00000,0x00000000ed380000)
  from space 7680K, 99% used [0x00000000ed380000,0x00000000edaee9a0,0x00000000edb00000)
  to   space 8704K, 0% used [0x00000000edd80000,0x00000000edd80000,0x00000000ee600000)
 ParOldGen       total 121344K, used 110181K [0x00000000c0000000, 0x00000000c7680000, 0x00000000eab00000)
  object space 121344K, 90% used [0x00000000c0000000,0x00000000c6b99428,0x00000000c7680000)
 Metaspace       used 72446K, committed 73728K, reserved 1179648K
  class space    used 7668K, committed 8256K, reserved 1048576K
}
Event: 36.312 GC heap before
{Heap before GC invocations=91 (full 5):
 PSYoungGen      total 49152K, used 49082K [0x00000000eab00000, 0x00000000ee600000, 0x0000000100000000)
  eden space 41472K, 100% used [0x00000000eab00000,0x00000000ed380000,0x00000000ed380000)
  from space 7680K, 99% used [0x00000000ed380000,0x00000000edaee9a0,0x00000000edb00000)
  to   space 8704K, 0% used [0x00000000edd80000,0x00000000edd80000,0x00000000ee600000)
 ParOldGen       total 121344K, used 110181K [0x00000000c0000000, 0x00000000c7680000, 0x00000000eab00000)
  object space 121344K, 90% used [0x00000000c0000000,0x00000000c6b99428,0x00000000c7680000)
 Metaspace       used 74018K, committed 75328K, reserved 1179648K
  class space    used 7922K, committed 8576K, reserved 1048576K
}
Event: 36.336 GC heap after
{Heap after GC invocations=91 (full 5):
 PSYoungGen      total 48640K, used 8128K [0x00000000eab00000, 0x00000000ee580000, 0x0000000100000000)
  eden space 40448K, 0% used [0x00000000eab00000,0x00000000eab00000,0x00000000ed280000)
  from space 8192K, 99% used [0x00000000edd80000,0x00000000ee5700a0,0x00000000ee580000)
  to   space 8704K, 0% used [0x00000000ed480000,0x00000000ed480000,0x00000000edd00000)
 ParOldGen       total 121344K, used 110189K [0x00000000c0000000, 0x00000000c7680000, 0x00000000eab00000)
  object space 121344K, 90% used [0x00000000c0000000,0x00000000c6b9b428,0x00000000c7680000)
 Metaspace       used 74018K, committed 75328K, reserved 1179648K
  class space    used 7922K, committed 8576K, reserved 1048576K
}
Event: 38.135 GC heap before
{Heap before GC invocations=92 (full 5):
 PSYoungGen      total 48640K, used 48576K [0x00000000eab00000, 0x00000000ee580000, 0x0000000100000000)
  eden space 40448K, 100% used [0x00000000eab00000,0x00000000ed280000,0x00000000ed280000)
  from space 8192K, 99% used [0x00000000edd80000,0x00000000ee5700a0,0x00000000ee580000)
  to   space 8704K, 0% used [0x00000000ed480000,0x00000000ed480000,0x00000000edd00000)
 ParOldGen       total 121344K, used 110189K [0x00000000c0000000, 0x00000000c7680000, 0x00000000eab00000)
  object space 121344K, 90% used [0x00000000c0000000,0x00000000c6b9b428,0x00000000c7680000)
 Metaspace       used 74816K, committed 76160K, reserved 1179648K
  class space    used 7992K, committed 8640K, reserved 1048576K
}
Event: 38.149 GC heap after
{Heap after GC invocations=92 (full 5):
 PSYoungGen      total 48128K, used 8684K [0x00000000eab00000, 0x00000000eef80000, 0x0000000100000000)
  eden space 39424K, 0% used [0x00000000eab00000,0x00000000eab00000,0x00000000ed180000)
  from space 8704K, 99% used [0x00000000ed480000,0x00000000edcfb308,0x00000000edd00000)
  to   space 15360K, 0% used [0x00000000ee080000,0x00000000ee080000,0x00000000eef80000)
 ParOldGen       total 121344K, used 115498K [0x00000000c0000000, 0x00000000c7680000, 0x00000000eab00000)
  object space 121344K, 95% used [0x00000000c0000000,0x00000000c70caa58,0x00000000c7680000)
 Metaspace       used 74816K, committed 76160K, reserved 1179648K
  class space    used 7992K, committed 8640K, reserved 1048576K
}
Event: 38.194 GC heap before
{Heap before GC invocations=93 (full 6):
 PSYoungGen      total 48128K, used 8684K [0x00000000eab00000, 0x00000000eef80000, 0x0000000100000000)
  eden space 39424K, 0% used [0x00000000eab00000,0x00000000eab00000,0x00000000ed180000)
  from space 8704K, 99% used [0x00000000ed480000,0x00000000edcfb308,0x00000000edd00000)
  to   space 15360K, 0% used [0x00000000ee080000,0x00000000ee080000,0x00000000eef80000)
 ParOldGen       total 121344K, used 115498K [0x00000000c0000000, 0x00000000c7680000, 0x00000000eab00000)
  object space 121344K, 95% used [0x00000000c0000000,0x00000000c70caa58,0x00000000c7680000)
 Metaspace       used 74816K, committed 76160K, reserved 1179648K
  class space    used 7992K, committed 8640K, reserved 1048576K
}
Event: 41.031 GC heap after
{Heap after GC invocations=93 (full 6):
 PSYoungGen      total 54784K, used 0K [0x00000000eab00000, 0x00000000ef080000, 0x0000000100000000)
  eden space 39424K, 0% used [0x00000000eab00000,0x00000000eab00000,0x00000000ed180000)
  from space 15360K, 0% used [0x00000000ee080000,0x00000000ee080000,0x00000000eef80000)
  to   space 15360K, 0% used [0x00000000ed180000,0x00000000ed180000,0x00000000ee080000)
 ParOldGen       total 121344K, used 91336K [0x00000000c0000000, 0x00000000c7680000, 0x00000000eab00000)
  object space 121344K, 75% used [0x00000000c0000000,0x00000000c5932100,0x00000000c7680000)
 Metaspace       used 74799K, committed 76160K, reserved 1179648K
  class space    used 7987K, committed 8640K, reserved 1048576K
}

Dll operation events (11 events):
Event: 0.016 Loaded shared library c:\Users\computer care\.vscode\extensions\redhat.java-1.34.0-win32-x64\jre\17.0.12-win32-x86_64\bin\java.dll
Event: 0.220 Loaded shared library c:\Users\computer care\.vscode\extensions\redhat.java-1.34.0-win32-x64\jre\17.0.12-win32-x86_64\bin\zip.dll
Event: 0.225 Loaded shared library C:\Users\computer care\.vscode\extensions\redhat.java-1.34.0-win32-x64\jre\17.0.12-win32-x86_64\bin\instrument.dll
Event: 0.242 Loaded shared library C:\Users\computer care\.vscode\extensions\redhat.java-1.34.0-win32-x64\jre\17.0.12-win32-x86_64\bin\net.dll
Event: 0.245 Loaded shared library C:\Users\computer care\.vscode\extensions\redhat.java-1.34.0-win32-x64\jre\17.0.12-win32-x86_64\bin\nio.dll
Event: 0.254 Loaded shared library C:\Users\computer care\.vscode\extensions\redhat.java-1.34.0-win32-x64\jre\17.0.12-win32-x86_64\bin\zip.dll
Event: 0.274 Loaded shared library C:\Users\computer care\.vscode\extensions\redhat.java-1.34.0-win32-x64\jre\17.0.12-win32-x86_64\bin\jimage.dll
Event: 0.369 Loaded shared library c:\Users\computer care\.vscode\extensions\redhat.java-1.34.0-win32-x64\jre\17.0.12-win32-x86_64\bin\verify.dll
Event: 15.555 Loaded shared library C:\Users\computer care\AppData\Roaming\Code\User\globalStorage\redhat.java\1.34.0\config_win\org.eclipse.equinox.launcher\org.eclipse.equinox.launcher.win32.win32.x86_64_1.2.1100.v20240722-2106\eclipse_11904.dll
Event: 17.272 Loaded shared library C:\Users\computer care\AppData\Local\Temp\jna-1355949302\jna14431269173235320585.dll
Event: 29.857 Loaded shared library C:\Users\computer care\.vscode\extensions\redhat.java-1.34.0-win32-x64\jre\17.0.12-win32-x86_64\bin\extnet.dll

Deoptimization events (20 events):
Event: 37.972 Thread 0x000001f270048440 DEOPT PACKING pc=0x000001f25e180494 sp=0x0000002a8cffd760
Event: 37.972 Thread 0x000001f270048440 DEOPT UNPACKING pc=0x000001f25d8866a3 sp=0x0000002a8cffd7a0 mode 2
Event: 37.975 Thread 0x000001f270048440 Uncommon trap: trap_request=0xffffffc6 fr.pc=0x000001f25e180494 relative=0x00000000000021f4
Event: 37.975 Thread 0x000001f270048440 Uncommon trap: reason=bimorphic_or_optimized_type_check action=maybe_recompile pc=0x000001f25e180494 method=java.util.zip.InflaterInputStream.read([BII)I @ 100 c2
Event: 37.975 Thread 0x000001f270048440 DEOPT PACKING pc=0x000001f25e180494 sp=0x0000002a8cffd760
Event: 37.975 Thread 0x000001f270048440 DEOPT UNPACKING pc=0x000001f25d8866a3 sp=0x0000002a8cffd7a0 mode 2
Event: 37.976 Thread 0x000001f270048440 Uncommon trap: trap_request=0xffffffc6 fr.pc=0x000001f25e180494 relative=0x00000000000021f4
Event: 37.976 Thread 0x000001f270048440 Uncommon trap: reason=bimorphic_or_optimized_type_check action=maybe_recompile pc=0x000001f25e180494 method=java.util.zip.InflaterInputStream.read([BII)I @ 100 c2
Event: 37.976 Thread 0x000001f270048440 DEOPT PACKING pc=0x000001f25e180494 sp=0x0000002a8cffd760
Event: 37.976 Thread 0x000001f270048440 DEOPT UNPACKING pc=0x000001f25d8866a3 sp=0x0000002a8cffd7a0 mode 2
Event: 37.976 Thread 0x000001f270048440 Uncommon trap: trap_request=0xffffffc6 fr.pc=0x000001f25e180494 relative=0x00000000000021f4
Event: 37.977 Thread 0x000001f270048440 Uncommon trap: reason=bimorphic_or_optimized_type_check action=maybe_recompile pc=0x000001f25e180494 method=java.util.zip.InflaterInputStream.read([BII)I @ 100 c2
Event: 37.978 Thread 0x000001f270048440 DEOPT PACKING pc=0x000001f25e180494 sp=0x0000002a8cffd760
Event: 37.978 Thread 0x000001f270048440 DEOPT UNPACKING pc=0x000001f25d8866a3 sp=0x0000002a8cffd7a0 mode 2
Event: 41.112 Thread 0x000001f270048440 DEOPT PACKING pc=0x000001f256baa0c3 sp=0x0000002a8cffdfd0
Event: 41.112 Thread 0x000001f270048440 DEOPT UNPACKING pc=0x000001f25d886e43 sp=0x0000002a8cffd468 mode 0
Event: 41.130 Thread 0x000001f270048440 Uncommon trap: trap_request=0xffffff45 fr.pc=0x000001f25e0af4c4 relative=0x0000000000001664
Event: 41.130 Thread 0x000001f270048440 Uncommon trap: reason=unstable_if action=reinterpret pc=0x000001f25e0af4c4 method=lombok.patcher.MethodTarget.matches(Ljava/lang/String;Ljava/lang/String;Ljava/lang/String;)Z @ 18 c2
Event: 41.130 Thread 0x000001f270048440 DEOPT PACKING pc=0x000001f25e0af4c4 sp=0x0000002a8cffa1c0
Event: 41.131 Thread 0x000001f270048440 DEOPT UNPACKING pc=0x000001f25d8866a3 sp=0x0000002a8cffa100 mode 2

Classes loaded (20 events):
Event: 37.353 Loading class sun/util/resources/TimeZoneNamesBundle done
Event: 37.353 Loading class sun/util/resources/cldr/TimeZoneNames done
Event: 37.354 Loading class sun/util/resources/cldr/TimeZoneNames_en
Event: 37.366 Loading class sun/util/resources/cldr/TimeZoneNames_en done
Event: 37.366 Loading class sun/util/resources/cldr/TimeZoneNames_en_US
Event: 37.368 Loading class sun/util/resources/cldr/TimeZoneNames_en_US done
Event: 37.380 Loading class sun/util/cldr/CLDRBaseLocaleDataMetaInfo$TZCanonicalIDMapHolder
Event: 37.384 Loading class sun/util/cldr/CLDRBaseLocaleDataMetaInfo$TZCanonicalIDMapHolder done
Event: 37.389 Loading class sun/util/resources/TimeZoneNames
Event: 37.391 Loading class sun/util/resources/TimeZoneNames done
Event: 37.392 Loading class sun/util/resources/TimeZoneNames_en
Event: 37.392 Loading class sun/util/resources/TimeZoneNames_en done
Event: 37.775 Loading class java/nio/file/attribute/PosixFileAttributes
Event: 37.780 Loading class java/nio/file/attribute/PosixFileAttributes done
Event: 37.818 Loading class java/nio/file/attribute/PosixFileAttributeView
Event: 37.819 Loading class java/nio/file/attribute/PosixFileAttributeView done
Event: 37.917 Loading class java/nio/file/DirectoryIteratorException
Event: 37.923 Loading class java/nio/file/DirectoryIteratorException done
Event: 37.940 Loading class java/time/DateTimeException
Event: 37.958 Loading class java/time/DateTimeException done

Classes unloaded (17 events):
Event: 19.323 Thread 0x000001f26cd125b0 Unloading class 0x0000000100250400 'java/lang/invoke/LambdaForm$MH+0x0000000100250400'
Event: 19.323 Thread 0x000001f26cd125b0 Unloading class 0x0000000100250000 'java/lang/invoke/LambdaForm$MH+0x0000000100250000'
Event: 19.323 Thread 0x000001f26cd125b0 Unloading class 0x000000010024fc00 'java/lang/invoke/LambdaForm$MH+0x000000010024fc00'
Event: 19.323 Thread 0x000001f26cd125b0 Unloading class 0x000000010024f800 'java/lang/invoke/LambdaForm$MH+0x000000010024f800'
Event: 19.323 Thread 0x000001f26cd125b0 Unloading class 0x000000010024f400 'java/lang/invoke/LambdaForm$BMH+0x000000010024f400'
Event: 19.323 Thread 0x000001f26cd125b0 Unloading class 0x000000010024f000 'java/lang/invoke/LambdaForm$DMH+0x000000010024f000'
Event: 19.323 Thread 0x000001f26cd125b0 Unloading class 0x000000010024c400 'java/lang/invoke/LambdaForm$DMH+0x000000010024c400'
Event: 38.877 Thread 0x000001f26cd125b0 Unloading class 0x0000000100780800 'java/lang/invoke/LambdaForm$DMH+0x0000000100780800'
Event: 38.877 Thread 0x000001f26cd125b0 Unloading class 0x0000000100779c00 'java/lang/invoke/LambdaForm$DMH+0x0000000100779c00'
Event: 38.877 Thread 0x000001f26cd125b0 Unloading class 0x0000000100779800 'java/lang/invoke/LambdaForm$DMH+0x0000000100779800'
Event: 38.877 Thread 0x000001f26cd125b0 Unloading class 0x0000000100779000 'java/lang/invoke/LambdaForm$DMH+0x0000000100779000'
Event: 38.877 Thread 0x000001f26cd125b0 Unloading class 0x0000000100758c00 'java/lang/invoke/LambdaForm$DMH+0x0000000100758c00'
Event: 38.877 Thread 0x000001f26cd125b0 Unloading class 0x0000000100758400 'java/lang/invoke/LambdaForm$DMH+0x0000000100758400'
Event: 38.877 Thread 0x000001f26cd125b0 Unloading class 0x0000000100745400 'java/lang/invoke/LambdaForm$MH+0x0000000100745400'
Event: 38.877 Thread 0x000001f26cd125b0 Unloading class 0x0000000100745800 'java/lang/invoke/LambdaForm$MH+0x0000000100745800'
Event: 38.877 Thread 0x000001f26cd125b0 Unloading class 0x0000000100744800 'java/lang/invoke/LambdaForm$DMH+0x0000000100744800'
Event: 38.877 Thread 0x000001f26cd125b0 Unloading class 0x0000000100745000 'java/lang/invoke/LambdaForm$DMH+0x0000000100745000'

Classes redefined (0 events):
No events

Internal exceptions (20 events):
Event: 36.749 Thread 0x000001f270047000 Exception <a 'sun/nio/fs/WindowsException'{0x00000000eb328408}> (0x00000000eb328408) 
thrown [s\src\hotspot\share\prims\jni.cpp, line 516]
Event: 36.749 Thread 0x000001f270047000 Exception <a 'sun/nio/fs/WindowsException'{0x00000000eb328ce8}> (0x00000000eb328ce8) 
thrown [s\src\hotspot\share\prims\jni.cpp, line 516]
Event: 36.750 Thread 0x000001f270047000 Exception <a 'sun/nio/fs/WindowsException'{0x00000000eb32a0e0}> (0x00000000eb32a0e0) 
thrown [s\src\hotspot\share\prims\jni.cpp, line 516]
Event: 36.750 Thread 0x000001f270047000 Exception <a 'sun/nio/fs/WindowsException'{0x00000000eb32a9c0}> (0x00000000eb32a9c0) 
thrown [s\src\hotspot\share\prims\jni.cpp, line 516]
Event: 36.751 Thread 0x000001f270047000 Exception <a 'sun/nio/fs/WindowsException'{0x00000000eb32c5f8}> (0x00000000eb32c5f8) 
thrown [s\src\hotspot\share\prims\jni.cpp, line 516]
Event: 36.751 Thread 0x000001f270047000 Exception <a 'sun/nio/fs/WindowsException'{0x00000000eb32ced8}> (0x00000000eb32ced8) 
thrown [s\src\hotspot\share\prims\jni.cpp, line 516]
Event: 36.759 Thread 0x000001f270047000 Exception <a 'sun/nio/fs/WindowsException'{0x00000000eb34e008}> (0x00000000eb34e008) 
thrown [s\src\hotspot\share\prims\jni.cpp, line 516]
Event: 36.759 Thread 0x000001f270047000 Exception <a 'sun/nio/fs/WindowsException'{0x00000000eb34e8e8}> (0x00000000eb34e8e8) 
thrown [s\src\hotspot\share\prims\jni.cpp, line 516]
Event: 37.496 Thread 0x000001f270047000 Exception <a 'sun/nio/fs/WindowsException'{0x00000000ec4cedf8}> (0x00000000ec4cedf8) 
thrown [s\src\hotspot\share\prims\jni.cpp, line 516]
Event: 37.645 Thread 0x000001f270047000 Exception <a 'sun/nio/fs/WindowsException'{0x00000000ec526ca0}> (0x00000000ec526ca0) 
thrown [s\src\hotspot\share\prims\jni.cpp, line 516]
Event: 37.645 Thread 0x000001f270047000 Exception <a 'sun/nio/fs/WindowsException'{0x00000000ec527580}> (0x00000000ec527580) 
thrown [s\src\hotspot\share\prims\jni.cpp, line 516]
Event: 37.665 Thread 0x000001f270047000 Exception <a 'java/lang/NoSuchMethodError'{0x00000000ec54bb68}: 'java.lang.Object java.lang.invoke.DirectMethodHandle$Holder.invokeStatic(java.lang.Object, java.lang.Object, int, java.lang.Object)'> (0x00000000ec54bb68) 
thrown [s\src\hotspot\share\interpreter\linkResolver.cpp, line 759]
Event: 37.691 Thread 0x000001f270047000 Exception <a 'sun/nio/fs/WindowsException'{0x00000000ec58ad30}> (0x00000000ec58ad30) 
thrown [s\src\hotspot\share\prims\jni.cpp, line 516]
Event: 37.691 Thread 0x000001f270047000 Exception <a 'sun/nio/fs/WindowsException'{0x00000000ec58b368}> (0x00000000ec58b368) 
thrown [s\src\hotspot\share\prims\jni.cpp, line 516]
Event: 37.691 Thread 0x000001f270047000 Exception <a 'sun/nio/fs/WindowsException'{0x00000000ec58bef0}> (0x00000000ec58bef0) 
thrown [s\src\hotspot\share\prims\jni.cpp, line 516]
Event: 37.691 Thread 0x000001f270047000 Exception <a 'sun/nio/fs/WindowsException'{0x00000000ec58c528}> (0x00000000ec58c528) 
thrown [s\src\hotspot\share\prims\jni.cpp, line 516]
Event: 37.702 Thread 0x000001f270048440 Exception <a 'java/lang/NoSuchMethodError'{0x00000000ec5ca008}: 'int java.lang.invoke.DirectMethodHandle$Holder.invokeStatic(java.lang.Object)'> (0x00000000ec5ca008) 
thrown [s\src\hotspot\share\interpreter\linkResolver.cpp, line 759]
Event: 41.087 Thread 0x000001f270048440 Exception <a 'java/lang/NoSuchMethodError'{0x00000000eaf313a8}: 'java.lang.Object java.lang.invoke.DirectMethodHandle$Holder.invokeVirtual(java.lang.Object, java.lang.Object, java.lang.Object)'> (0x00000000eaf313a8) 
thrown [s\src\hotspot\share\interpreter\linkResolver.cpp, line 759]
Event: 41.155 Thread 0x000001f270049880 Exception <a 'java/lang/NoSuchMethodError'{0x00000000eb0a2080}: 'java.lang.Object java.lang.invoke.DirectMethodHandle$Holder.invokeStaticInit(java.lang.Object, java.lang.Object, java.lang.Object)'> (0x00000000eb0a2080) 
thrown [s\src\hotspot\share\interpreter\linkResolver.cpp, line 759]
Event: 41.212 Thread 0x000001f270048440 Exception <a 'sun/nio/fs/WindowsException'{0x00000000eb1b1bf8}> (0x00000000eb1b1bf8) 
thrown [s\src\hotspot\share\prims\jni.cpp, line 516]

VM Operations (20 events):
Event: 35.231 Executing VM operation: Cleanup
Event: 35.232 Executing VM operation: Cleanup done
Event: 36.239 Executing VM operation: Cleanup
Event: 36.240 Executing VM operation: Cleanup done
Event: 36.311 Executing VM operation: ParallelGCFailedAllocation
Event: 36.336 Executing VM operation: ParallelGCFailedAllocation done
Event: 37.347 Executing VM operation: Cleanup
Event: 37.351 Executing VM operation: Cleanup done
Event: 37.713 Executing VM operation: HandshakeAllThreads
Event: 37.714 Executing VM operation: HandshakeAllThreads done
Event: 37.805 Executing VM operation: HandshakeAllThreads
Event: 37.816 Executing VM operation: HandshakeAllThreads done
Event: 37.816 Executing VM operation: HandshakeAllThreads
Event: 37.816 Executing VM operation: HandshakeAllThreads done
Event: 37.884 Executing VM operation: ICBufferFull
Event: 37.885 Executing VM operation: ICBufferFull done
Event: 38.134 Executing VM operation: ParallelGCFailedAllocation
Event: 41.031 Executing VM operation: ParallelGCFailedAllocation done
Event: 41.201 Executing VM operation: HandshakeAllThreads
Event: 41.202 Executing VM operation: HandshakeAllThreads done

Events (20 events):
Event: 28.423 Thread 0x000001f26cd8cc00 flushing nmethod 0x000001f25731c110
Event: 29.201 Thread 0x000001f27244f570 Thread added: 0x000001f27244f570
Event: 29.861 Thread 0x000001f2724509b0 Thread added: 0x000001f2724509b0
Event: 29.866 Thread 0x000001f27244f060 Thread added: 0x000001f27244f060
Event: 30.000 Thread 0x000001f2724504a0 Thread added: 0x000001f2724504a0
Event: 30.008 Thread 0x000001f27244fa80 Thread added: 0x000001f27244fa80
Event: 30.143 Thread 0x000001f27244ff90 Thread added: 0x000001f27244ff90
Event: 30.165 Thread 0x000001f270041f00 Thread exited: 0x000001f270041f00
Event: 30.213 Thread 0x000001f272450ec0 Thread added: 0x000001f272450ec0
Event: 31.916 Thread 0x000001f2724518e0 Thread added: 0x000001f2724518e0
Event: 31.918 Thread 0x000001f272450ec0 Thread exited: 0x000001f272450ec0
Event: 33.624 Thread 0x000001f2724513d0 Thread added: 0x000001f2724513d0
Event: 33.629 Thread 0x000001f2724518e0 Thread exited: 0x000001f2724518e0
Event: 37.646 Thread 0x000001f2713fe840 Thread added: 0x000001f2713fe840
Event: 37.837 Thread 0x000001f26cd8cc00 flushing nmethod 0x000001f25e213090
Event: 37.869 Thread 0x000001f26cd8cc00 flushing nmethod 0x000001f256ad4090
Event: 37.877 Thread 0x000001f26cd8cc00 flushing nmethod 0x000001f256e94810
Event: 37.877 Thread 0x000001f26cd8cc00 flushing nmethod 0x000001f256e97f90
Event: 37.882 Thread 0x000001f26cd8cc00 flushing nmethod 0x000001f257089290
Event: 37.885 Thread 0x000001f26cd8cc00 flushing nmethod 0x000001f257224d90


Dynamic libraries:
0x00007ff78f410000 - 0x00007ff78f41e000 	c:\Users\computer care\.vscode\extensions\redhat.java-1.34.0-win32-x64\jre\17.0.12-win32-x86_64\bin\java.exe
0x00007ff9489f0000 - 0x00007ff948c07000 	C:\WINDOWS\SYSTEM32\ntdll.dll
0x00007ff9467a0000 - 0x00007ff946864000 	C:\WINDOWS\System32\KERNEL32.DLL
0x00007ff946050000 - 0x00007ff9463fd000 	C:\WINDOWS\System32\KERNELBASE.dll
0x00007ff940570000 - 0x00007ff940607000 	C:\WINDOWS\SYSTEM32\apphelp.dll
0x00007ff945f00000 - 0x00007ff946011000 	C:\WINDOWS\System32\ucrtbase.dll
0x00007ff924de0000 - 0x00007ff924dfb000 	c:\Users\computer care\.vscode\extensions\redhat.java-1.34.0-win32-x64\jre\17.0.12-win32-x86_64\bin\VCRUNTIME140.dll
0x00007ff9250a0000 - 0x00007ff9250b7000 	c:\Users\computer care\.vscode\extensions\redhat.java-1.34.0-win32-x64\jre\17.0.12-win32-x86_64\bin\jli.dll
0x00007ff947190000 - 0x00007ff94733e000 	C:\WINDOWS\System32\USER32.dll
0x00007ff946020000 - 0x00007ff946046000 	C:\WINDOWS\System32\win32u.dll
0x00007ff944ef0000 - 0x00007ff945183000 	C:\WINDOWS\WinSxS\amd64_microsoft.windows.common-controls_6595b64144ccf1df_6.0.22621.3672_none_2713b9d173822955\COMCTL32.dll
0x00007ff947030000 - 0x00007ff947059000 	C:\WINDOWS\System32\GDI32.dll
0x00007ff945d10000 - 0x00007ff945e29000 	C:\WINDOWS\System32\gdi32full.dll
0x00007ff945e60000 - 0x00007ff945efa000 	C:\WINDOWS\System32\msvcp_win.dll
0x00007ff948470000 - 0x00007ff948517000 	C:\WINDOWS\System32\msvcrt.dll
0x00007ff9478e0000 - 0x00007ff947911000 	C:\WINDOWS\System32\IMM32.DLL
0x00007ff93dbc0000 - 0x00007ff93dbcc000 	c:\Users\computer care\.vscode\extensions\redhat.java-1.34.0-win32-x64\jre\17.0.12-win32-x86_64\bin\vcruntime140_1.dll
0x00007ff8d9560000 - 0x00007ff8d95ed000 	c:\Users\computer care\.vscode\extensions\redhat.java-1.34.0-win32-x64\jre\17.0.12-win32-x86_64\bin\msvcp140.dll
0x00007ff8bc060000 - 0x00007ff8bccca000 	c:\Users\computer care\.vscode\extensions\redhat.java-1.34.0-win32-x64\jre\17.0.12-win32-x86_64\bin\server\jvm.dll
0x00007ff947340000 - 0x00007ff9473f2000 	C:\WINDOWS\System32\ADVAPI32.dll
0x00007ff946ef0000 - 0x00007ff946f99000 	C:\WINDOWS\System32\sechost.dll
0x00007ff945e30000 - 0x00007ff945e58000 	C:\WINDOWS\System32\bcrypt.dll
0x00007ff947060000 - 0x00007ff947174000 	C:\WINDOWS\System32\RPCRT4.dll
0x00007ff947920000 - 0x00007ff947991000 	C:\WINDOWS\System32\WS2_32.dll
0x00007ff9408e0000 - 0x00007ff940914000 	C:\WINDOWS\SYSTEM32\WINMM.dll
0x00007ff945bd0000 - 0x00007ff945c1d000 	C:\WINDOWS\SYSTEM32\POWRPROF.dll
0x00007ff941e30000 - 0x00007ff941e3a000 	C:\WINDOWS\SYSTEM32\VERSION.dll
0x00007ff945bb0000 - 0x00007ff945bc3000 	C:\WINDOWS\SYSTEM32\UMPDC.dll
0x00007ff943e60000 - 0x00007ff943e78000 	C:\WINDOWS\SYSTEM32\kernel.appcore.dll
0x00007ff92b0d0000 - 0x00007ff92b0da000 	c:\Users\computer care\.vscode\extensions\redhat.java-1.34.0-win32-x64\jre\17.0.12-win32-x86_64\bin\jimage.dll
0x00007ff945570000 - 0x00007ff9457a2000 	C:\WINDOWS\SYSTEM32\DBGHELP.DLL
0x00007ff946870000 - 0x00007ff946bfd000 	C:\WINDOWS\System32\combase.dll
0x00007ff946dc0000 - 0x00007ff946e97000 	C:\WINDOWS\System32\OLEAUT32.dll
0x00007ff945460000 - 0x00007ff945492000 	C:\WINDOWS\SYSTEM32\dbgcore.DLL
0x00007ff946400000 - 0x00007ff94647b000 	C:\WINDOWS\System32\bcryptPrimitives.dll
0x00007ff9275e0000 - 0x00007ff9275ee000 	c:\Users\computer care\.vscode\extensions\redhat.java-1.34.0-win32-x64\jre\17.0.12-win32-x86_64\bin\instrument.dll
0x00007ff908e30000 - 0x00007ff908e55000 	c:\Users\computer care\.vscode\extensions\redhat.java-1.34.0-win32-x64\jre\17.0.12-win32-x86_64\bin\java.dll
0x00007ff910740000 - 0x00007ff910758000 	c:\Users\computer care\.vscode\extensions\redhat.java-1.34.0-win32-x64\jre\17.0.12-win32-x86_64\bin\zip.dll
0x00007ff947b00000 - 0x00007ff948368000 	C:\WINDOWS\System32\SHELL32.dll
0x00007ff942d40000 - 0x00007ff94363e000 	C:\WINDOWS\SYSTEM32\windows.storage.dll
0x00007ff942c00000 - 0x00007ff942d3f000 	C:\WINDOWS\SYSTEM32\wintypes.dll
0x00007ff9477e0000 - 0x00007ff9478d9000 	C:\WINDOWS\System32\SHCORE.dll
0x00007ff947470000 - 0x00007ff9474ce000 	C:\WINDOWS\System32\shlwapi.dll
0x00007ff945c40000 - 0x00007ff945c61000 	C:\WINDOWS\SYSTEM32\profapi.dll
0x00007ff90e9f0000 - 0x00007ff90ea09000 	C:\Users\computer care\.vscode\extensions\redhat.java-1.34.0-win32-x64\jre\17.0.12-win32-x86_64\bin\net.dll
0x00007ff941420000 - 0x00007ff941556000 	C:\WINDOWS\SYSTEM32\WINHTTP.dll
0x00007ff944380000 - 0x00007ff9443e9000 	C:\WINDOWS\system32\mswsock.dll
0x00007ff90e9c0000 - 0x00007ff90e9d6000 	C:\Users\computer care\.vscode\extensions\redhat.java-1.34.0-win32-x64\jre\17.0.12-win32-x86_64\bin\nio.dll
0x00007ff925210000 - 0x00007ff925220000 	c:\Users\computer care\.vscode\extensions\redhat.java-1.34.0-win32-x64\jre\17.0.12-win32-x86_64\bin\verify.dll
0x00007ff8d8860000 - 0x00007ff8d88a5000 	C:\Users\computer care\AppData\Roaming\Code\User\globalStorage\redhat.java\1.34.0\config_win\org.eclipse.equinox.launcher\org.eclipse.equinox.launcher.win32.win32.x86_64_1.2.1100.v20240722-2106\eclipse_11904.dll
0x00007ff9474d0000 - 0x00007ff947675000 	C:\WINDOWS\System32\ole32.dll
0x00007ff9458b0000 - 0x00007ff9458cb000 	C:\WINDOWS\SYSTEM32\CRYPTSP.dll
0x00007ff943dc0000 - 0x00007ff943df5000 	C:\WINDOWS\system32\rsaenh.dll
0x00007ff944d00000 - 0x00007ff944d28000 	C:\WINDOWS\SYSTEM32\USERENV.dll
0x00007ff944d30000 - 0x00007ff944d3c000 	C:\WINDOWS\SYSTEM32\CRYPTBASE.dll
0x00007ff9438e0000 - 0x00007ff94390d000 	C:\WINDOWS\SYSTEM32\IPHLPAPI.DLL
0x00007ff947400000 - 0x00007ff947409000 	C:\WINDOWS\System32\NSI.dll
0x00007ff941060000 - 0x00007ff941079000 	C:\WINDOWS\SYSTEM32\dhcpcsvc6.DLL
0x00007ff941020000 - 0x00007ff94103f000 	C:\WINDOWS\SYSTEM32\dhcpcsvc.DLL
0x00007ff943910000 - 0x00007ff943a08000 	C:\WINDOWS\SYSTEM32\DNSAPI.dll
0x00007ff8d9640000 - 0x00007ff8d9685000 	C:\Users\computer care\AppData\Local\Temp\jna-1355949302\jna14431269173235320585.dll
0x00007ff9479c0000 - 0x00007ff9479c8000 	C:\WINDOWS\System32\PSAPI.DLL
0x00007ff93e0e0000 - 0x00007ff93e0e9000 	C:\Users\computer care\.vscode\extensions\redhat.java-1.34.0-win32-x64\jre\17.0.12-win32-x86_64\bin\extnet.dll

dbghelp: loaded successfully - version: 4.0.5 - missing functions: none
symbol engine: initialized successfully - sym options: 0x614 - pdb path: .;c:\Users\computer care\.vscode\extensions\redhat.java-1.34.0-win32-x64\jre\17.0.12-win32-x86_64\bin;C:\WINDOWS\SYSTEM32;C:\WINDOWS\WinSxS\amd64_microsoft.windows.common-controls_6595b64144ccf1df_6.0.22621.3672_none_2713b9d173822955;c:\Users\computer care\.vscode\extensions\redhat.java-1.34.0-win32-x64\jre\17.0.12-win32-x86_64\bin\server;C:\Users\computer care\AppData\Roaming\Code\User\globalStorage\redhat.java\1.34.0\config_win\org.eclipse.equinox.launcher\org.eclipse.equinox.launcher.win32.win32.x86_64_1.2.1100.v20240722-2106;C:\Users\computer care\AppData\Local\Temp\jna-1355949302

VM Arguments:
jvm_args: --add-modules=ALL-SYSTEM --add-opens=java.base/java.util=ALL-UNNAMED --add-opens=java.base/java.lang=ALL-UNNAMED --add-opens=java.base/sun.nio.fs=ALL-UNNAMED -Declipse.application=org.eclipse.jdt.ls.core.id1 -Dosgi.bundles.defaultStartLevel=4 -Declipse.product=org.eclipse.jdt.ls.core.product -Djava.import.generatesMetadataFilesAtProjectRoot=false -DDetectVMInstallationsJob.disabled=true -Dfile.encoding=utf8 -XX:+UseParallelGC -XX:GCTimeRatio=4 -XX:AdaptiveSizePolicyWeight=90 -Dsun.zip.disableMemoryMapping=true -Xmx1G -Xms100m -Xlog:disable -javaagent:c:\Users\computer care\.vscode\extensions\redhat.java-1.34.0-win32-x64\lombok\lombok-1.18.33.jar -XX:+HeapDumpOnOutOfMemoryError -XX:HeapDumpPath=c:\Users\computer care\AppData\Roaming\Code\User\workspaceStorage\62ee72a77dfa11e2668a76dc56007248\redhat.java -Daether.dependencyCollector.impl=bf 
java_command: c:\Users\computer care\.vscode\extensions\redhat.java-1.34.0-win32-x64\server\plugins\org.eclipse.equinox.launcher_1.6.900.v20240613-2009.jar -configuration c:\Users\computer care\AppData\Roaming\Code\User\globalStorage\redhat.java\1.34.0\config_win -data c:\Users\computer care\AppData\Roaming\Code\User\workspaceStorage\62ee72a77dfa11e2668a76dc56007248\redhat.java\jdt_ws --pipe=\\.\pipe\lsp-ba11138c1d3fad8fd756217571b887c5-sock
java_class_path (initial): c:\Users\computer care\.vscode\extensions\redhat.java-1.34.0-win32-x64\server\plugins\org.eclipse.equinox.launcher_1.6.900.v20240613-2009.jar
Launcher Type: SUN_STANDARD

[Global flags]
    uintx AdaptiveSizePolicyWeight                 = 90                                        {product} {command line}
     intx CICompilerCount                          = 4                                         {product} {ergonomic}
    uintx GCTimeRatio                              = 4                                         {product} {command line}
     bool HeapDumpOnOutOfMemoryError               = true                                   {manageable} {command line}
    ccstr HeapDumpPath                             = c:\Users\computer care\AppData\Roaming\Code\User\workspaceStorage\62ee72a77dfa11e2668a76dc56007248\redhat.java         {manageable} {command line}
   size_t InitialHeapSize                          = 104857600                                 {product} {command line}
   size_t MaxHeapSize                              = 1073741824                                {product} {command line}
   size_t MaxNewSize                               = 357564416                                 {product} {ergonomic}
   size_t MinHeapDeltaBytes                        = 524288                                    {product} {ergonomic}
   size_t MinHeapSize                              = 104857600                                 {product} {command line}
   size_t NewSize                                  = 34603008                                  {product} {ergonomic}
    uintx NonNMethodCodeHeapSize                   = 5839372                                {pd product} {ergonomic}
    uintx NonProfiledCodeHeapSize                  = 122909434                              {pd product} {ergonomic}
   size_t OldSize                                  = 70254592                                  {product} {ergonomic}
    uintx ProfiledCodeHeapSize                     = 122909434                              {pd product} {ergonomic}
    uintx ReservedCodeCacheSize                    = 251658240                              {pd product} {ergonomic}
     bool SegmentedCodeCache                       = true                                      {product} {ergonomic}
   size_t SoftMaxHeapSize                          = 1073741824                             {manageable} {ergonomic}
     bool UseCompressedClassPointers               = true                           {product lp64_product} {ergonomic}
     bool UseCompressedOops                        = true                           {product lp64_product} {ergonomic}
     bool UseLargePagesIndividualAllocation        = false                                  {pd product} {ergonomic}
     bool UseParallelGC                            = true                                      {product} {command line}

Logging:
Log output configuration:
 #0: stdout all=off uptime,level,tags
 #1: stderr all=off uptime,level,tags

Environment Variables:
PATH=C:\Program Files\Common Files\Oracle\Java\javapath;C:\WINDOWS\system32;C:\WINDOWS;C:\WINDOWS\System32\Wbem;C:\WINDOWS\System32\WindowsPowerShell\v1.0\;C:\WINDOWS\System32\OpenSSH\;C:\Program Files (x86)\Microsoft SQL Server\160\DTS\Binn\;C:\Program Files\Azure Data Studio\bin;C:\Program Files\nodejs\;C:\cygwin64\bin;C:\Program Files\dotnet\;C:\Program Files\Git\cmd;C:\Users\computer care\AppData\Local\Programs\Python\Python312\Scripts\;C:\Users\computer care\AppData\Local\Programs\Python\Python312\;C:\Users\computer care\AppData\Local\Programs\Python\Launcher\;C:\Program Files\MySQL\MySQL Shell 8.0\bin\;C:\Users\computer care\AppData\Local\Microsoft\WindowsApps;C:\Users\computer care\AppData\Local\Programs\Microsoft VS Code\bin;C:\Program Files\Azure Data Studio\bin;C:\Users\computer care\AppData\Roaming\npm;C:\Users\computer care\Desktop\jdk-20\bin;C:\cygwin64\bin;;C:\Program Files\JetBrains\IntelliJ IDEA 2024.2.0.1\bin;;C:\Program Files\JetBrains\IntelliJ IDEA Community Edition 2024.2.0.1\bin;
USERNAME=computer care
OS=Windows_NT
PROCESSOR_IDENTIFIER=Intel64 Family 6 Model 142 Stepping 12, GenuineIntel
TMP=C:\Users\COMPUT~1\AppData\Local\Temp
TEMP=C:\Users\COMPUT~1\AppData\Local\Temp



Periodic native trim disabled


---------------  S Y S T E M  ---------------

OS:
 Windows 11 , 64 bit Build 22621 (10.0.22621.3958)
OS uptime: 1 days 2:38 hours

CPU: total 8 (initial active 8) (4 cores per cpu, 2 threads per core) family 6 model 142 stepping 12 microcode 0xea, cx8, cmov, fxsr, ht, mmx, 3dnowpref, sse, sse2, sse3, ssse3, sse4.1, sse4.2, popcnt, lzcnt, tsc, tscinvbit, avx, avx2, aes, erms, clmul, bmi1, bmi2, adx, fma, vzeroupper, clflush, clflushopt
Processor Information for all 8 processors :
  Max Mhz: 2112, Current Mhz: 1609, Mhz Limit: 1605

Memory: 4k page, system-wide physical 3899M (368M free)
TotalPageFile size 15675M (AvailPageFile size 3M)
current process WorkingSet (physical memory assigned to process): 326M, peak: 354M
current process commit charge ("private bytes"): 429M, peak: 993M

vm_info: OpenJDK 64-Bit Server VM (17.0.12+7) for windows-amd64 JRE (17.0.12+7), built on Jul 16 2024 22:08:24 by "admin" with MS VC++ 16.10 / 16.11 (VS2019)

END.
